[2015.06.13-08.16.33:865][  0]Log file open, 06/13/15 10:16:33
[2015.06.13-08.16.33:865][  0]LogInit:Display: Running engine for game: WebSocket_Plugin
[2015.06.13-08.16.33:865][  0]LogInit:Display: RandInit(-103520279) SRandInit(-103520278).
[2015.06.13-08.16.33:865][  0]LogTaskGraph: Started task graph with 4 named threads and 7 total threads.
[2015.06.13-08.16.33:865][  0]LogStats: Stats thread started
[2015.06.13-08.16.33:865][  0]LogInit: Version: 4.8.0-2579680+++depot+UE4-Releases+4.8
[2015.06.13-08.16.33:865][  0]LogInit: API Version: 2579680
[2015.06.13-08.16.33:865][  0]LogInit: Compiled (64-bit): Jun  8 2015 03:34:53
[2015.06.13-08.16.33:865][  0]LogInit: Compiled with Visual C++: 18.00.21005.01
[2015.06.13-08.16.33:865][  0]LogInit: Build Configuration: Development
[2015.06.13-08.16.33:865][  0]LogInit: Branch Name: ++depot+UE4-Releases+4.8
[2015.06.13-08.16.33:865][  0]LogInit: Command line:  
[2015.06.13-08.16.33:865][  0]LogInit: Base directory: C:/Development/Epic Games/4.8/Engine/Binaries/Win64/
[2015.06.13-08.16.33:865][  0]LogInit: Rocket: 1
[2015.06.13-08.16.33:881][  0]LogInit: Using libcurl 7.41.0
[2015.06.13-08.16.33:881][  0]LogInit:  - built for x86_64-pc-win32
[2015.06.13-08.16.33:881][  0]LogInit:  - supports SSL with WinSSL
[2015.06.13-08.16.33:881][  0]LogInit:  - other features:
[2015.06.13-08.16.33:881][  0]LogInit:      CURL_VERSION_SSL
[2015.06.13-08.16.33:881][  0]LogInit:      CURL_VERSION_IPV6
[2015.06.13-08.16.33:881][  0]LogInit:      CURL_VERSION_ASYNCHDNS
[2015.06.13-08.16.33:881][  0]LogInit:      CURL_VERSION_LARGEFILE
[2015.06.13-08.16.33:881][  0]LogInit:      CURL_VERSION_IDN
[2015.06.13-08.16.33:881][  0]LogInit:  CurlRequestOptions (configurable via config and command line):
[2015.06.13-08.16.33:881][  0]LogInit:  - bVerifyPeer = true  - Libcurl will verify peer certificate
[2015.06.13-08.16.33:881][  0]LogInit:  - bUseHttpProxy = false  - Libcurl will NOT use HTTP proxy
[2015.06.13-08.16.33:881][  0]LogInit:  - bDontReuseConnections = false  - Libcurl will reuse connections
[2015.06.13-08.16.33:881][  0]LogInit:  - CertBundlePath = nullptr  - Libcurl will use whatever was configured at build time.
[2015.06.13-08.16.33:897][  0]LogOnline:Warning: No default platform service specified for OnlineSubsystem
[2015.06.13-08.16.33:920][  0]LogInit: Presizing for 0 objects not considered by GC, pre-allocating 0 bytes.
[2015.06.13-08.16.33:929][  0]LogInit: Object subsystem initialized
[2015.06.13-08.16.33:930][  0]LogConsoleResponse:Warning: Skipping Unknown console variable: 'TranslucentSortAxis = (X=0.000000,Y=-1.000000,Z=0.000000)'
[2015.06.13-08.16.33:930][  0]LogConsoleResponse:Warning:   Found in ini file 'D:/Projects/Unreal Projects/WebSocket_Plugin/Saved/Config/Windows/Engine.ini', in section '[/Script/Engine.RendererSettings]'
[2015.06.13-08.16.33:930][  0]LogConsoleResponse:Warning: Skipping Unknown console variable: 'UIScaleRule = ShortestSide'
[2015.06.13-08.16.33:930][  0]LogConsoleResponse:Warning:   Found in ini file 'D:/Projects/Unreal Projects/WebSocket_Plugin/Saved/Config/Windows/Engine.ini', in section '[/Script/Engine.RendererSettings]'
[2015.06.13-08.16.33:930][  0]LogConsoleResponse:Warning: Skipping Unknown console variable: 'UIScaleCurve = (EditorCurveData=(Keys=),ExternalCurve=None)'
[2015.06.13-08.16.33:930][  0]LogConsoleResponse:Warning:   Found in ini file 'D:/Projects/Unreal Projects/WebSocket_Plugin/Saved/Config/Windows/Engine.ini', in section '[/Script/Engine.RendererSettings]'
[2015.06.13-08.16.33:930][  0]LogInit: Selected Device Profile: [Windows]
[2015.06.13-08.16.33:930][  0]LogInit: Applying CVar settings loaded from the selected device profile: [Windows]
[2015.06.13-08.16.33:951][  0]LogInit: Computer: HAL9000
[2015.06.13-08.16.33:952][  0]LogInit: User: Strauzen
[2015.06.13-08.16.33:952][  0]LogInit: CPU Page size=4096, Cores=4
[2015.06.13-08.16.33:952][  0]LogInit: High frequency timer resolution =3.001594 MHz
[2015.06.13-08.16.33:952][  0]LogMemory: Memory total: Physical=8.0GB (8GB approx)
[2015.06.13-08.16.33:952][  0]LogMemory: Platform Memory Stats for Windows
[2015.06.13-08.16.33:952][  0]LogMemory: Process Physical Memory: 48.25 MB used, 48.25 MB peak
[2015.06.13-08.16.33:952][  0]LogMemory: Process Virtual Memory: 22.35 MB used, 22.35 MB peak
[2015.06.13-08.16.33:952][  0]LogMemory: Physical Memory: 4252.14 MB used, 8183.11 MB total
[2015.06.13-08.16.33:952][  0]LogMemory: Virtual Memory: 291.89 MB used, 134217728.00 MB total
[2015.06.13-08.16.34:021][  0]LogTextLocalizationManager: The requested culture ('nl_NL') has no localization data; falling back to 'en' for localization and internationalization data.
[2015.06.13-08.16.34:279][  0]LogTextLocalizationManager:Warning: Loaded localization resources contain conflicting entries for (Namespace:ContentBrowser, Key:ImportAssetToolTip):
Localization Resource: (C:/Development/Epic Games/4.8/Engine/Content/Localization/Editor/en/Editor.locres) Source String Hash: (-630476809) Localized String: (Import to {0}...)
Localization Resource: (C:/Development/Epic Games/4.8/Engine/Content/Localization/Editor/en/Editor.locres) Source String Hash: (1271782899) Localized String: (Imports an asset from file to this folder.)
[2015.06.13-08.16.34:806][  0]LogD3D11RHI: Found D3D11 adapter 0: NVIDIA GeForce GTX 970 (Feature Level 11_0)
[2015.06.13-08.16.34:806][  0]LogD3D11RHI: Adapter has 3992MB of dedicated video memory, 0MB of dedicated system memory, and 4091MB of shared system memory, 2 output[s]
[2015.06.13-08.16.34:807][  0]LogD3D11RHI: Found D3D11 adapter 1: Microsoft Basic Render Driver (Feature Level 11_0)
[2015.06.13-08.16.34:807][  0]LogD3D11RHI: Adapter has 0MB of dedicated video memory, 0MB of dedicated system memory, and 256MB of shared system memory, 0 output[s]
[2015.06.13-08.16.34:807][  0]LogD3D11RHI: Chosen D3D11 Adapter Id = 0
[2015.06.13-08.16.34:810][  0]LogRHI: Texture pool is 1361 MB (70% of 1945 MB)
[2015.06.13-08.16.34:823][  0]LogD3D11RHI: Async texture creation enabled
[2015.06.13-08.16.34:841][  0]LogShaderCompilers:Display: Using Local Shader Compiler.
[2015.06.13-08.16.36:003][  0]LogTemp:Display: Loaded TP DesktopTargetPlatform
[2015.06.13-08.16.36:021][  0]LogTemp:Display: Loaded TP WindowsClientTargetPlatform
[2015.06.13-08.16.36:038][  0]LogTemp:Display: Loaded TP WindowsNoEditorTargetPlatform
[2015.06.13-08.16.36:063][  0]LogTemp:Display: Loaded TP WindowsServerTargetPlatform
[2015.06.13-08.16.36:082][  0]LogTemp:Display: Loaded TP WindowsTargetPlatform
[2015.06.13-08.16.36:098][  0]LogTemp:Display: Loaded TP AndroidTargetPlatform
[2015.06.13-08.16.36:112][  0]LogTemp:Display: Loaded TP Android_ASTCTargetPlatform
[2015.06.13-08.16.36:126][  0]LogTemp:Display: Loaded TP Android_ATCTargetPlatform
[2015.06.13-08.16.36:141][  0]LogTemp:Display: Loaded TP Android_DXTTargetPlatform
[2015.06.13-08.16.36:156][  0]LogTemp:Display: Loaded TP Android_ETC1TargetPlatform
[2015.06.13-08.16.36:170][  0]LogTemp:Display: Loaded TP Android_ETC2TargetPlatform
[2015.06.13-08.16.36:194][  0]LogTemp:Display: Loaded TP Android_PVRTCTargetPlatform
[2015.06.13-08.16.36:249][  0]LogTemp:Display: Loaded TP IOSTargetPlatform
[2015.06.13-08.16.36:263][  0]LogTemp:Display: Loaded TP LinuxNoEditorTargetPlatform
[2015.06.13-08.16.36:296][  0]LogTemp:Display: Loaded TP LinuxServerTargetPlatform
[2015.06.13-08.16.36:314][  0]LogTemp:Display: Loaded TP LinuxTargetPlatform
[2015.06.13-08.16.36:314][  0]LogTargetPlatformManager:Display: Building Assets For Windows
[2015.06.13-08.16.36:567][  0]LogDerivedDataCache:Display: Max Cache Size: 512 MB
[2015.06.13-08.16.36:630][  0]LogDerivedDataCache: Loaded boot cache 0.06s 53MB C:/Users/Strauzen/AppData/Local/UnrealEngine/4.8/DerivedDataCache/Boot.ddc.
[2015.06.13-08.16.36:630][  0]LogDerivedDataCache:Display: Loaded Boot cache: C:/Users/Strauzen/AppData/Local/UnrealEngine/4.8/DerivedDataCache/Boot.ddc
[2015.06.13-08.16.36:630][  0]LogDerivedDataCache: FDerivedDataBackendGraph:  Pak pak cache file D:/Projects/Unreal Projects/WebSocket_Plugin/DerivedDataCache/DDC.ddp not found, will not use a pak cache.
[2015.06.13-08.16.36:630][  0]LogDerivedDataCache: Unable to find inner node Pak for hierarchical cache Hierarchy.
[2015.06.13-08.16.36:630][  0]LogDerivedDataCache: FDerivedDataBackendGraph:  CompressedPak pak cache file D:/Projects/Unreal Projects/WebSocket_Plugin/DerivedDataCache/Compressed.ddp not found, will not use a pak cache.
[2015.06.13-08.16.36:630][  0]LogDerivedDataCache: Unable to find inner node CompressedPak for hierarchical cache Hierarchy.
[2015.06.13-08.16.36:793][  0]LogDerivedDataCache:Display: Pak cache opened for reading ../../../Engine/DerivedDataCache/Compressed.ddp.
[2015.06.13-08.16.36:806][  0]LogDerivedDataCache: Using Local data cache path C:/Users/Strauzen/AppData/Local/UnrealEngine/Common/DerivedDataCache: Writable
[2015.06.13-08.16.37:171][  0]LogInit: Selected Device Profile: [Windows]
[2015.06.13-08.16.37:278][  0]ImportText (ComponentSweepMultiTests): Missing closing parenthesis: (RootShapeAsset="/Engine/BasicShapes/Cube.Cube",ShapeType="TriggerCapsule",HitResult=(Time=0.50,Location=(X=-100.000015,Y=0.0,Z=100.000015),ImpactPoint=(X=-50.0,Y=0.0,Z=50.0),Normal=(X=-1.0,Y=-0.0,Z=0.0),ImpactNormal=(X=0.0,Y=0.0,Z=1.0),TraceStart=(X=-200.0,Y=0.0,Z=200.0),TraceEnd=(X=0.0,Y=0.0,Z=0.0))
[2015.06.13-08.16.37:279][  0]ImportText (LineTraceSingleByChannelTests): Missing closing parenthesis: (RootShapeAsset="/Engine/BasicShapes/Cube.Cube",HitResult=(Time=0.50,Location=(X=-100.000015,Y=0.0,Z=100.000015),ImpactPoint=(X=-50.0,Y=0.0,Z=50.0),Normal=(X=-1.0,Y=-0.0,Z=0.0),ImpactNormal=(X=0.0,Y=0.0,Z=1.0),TraceStart=(X=-200.0,Y=0.0,Z=200.0),TraceEnd=(X=0.0,Y=0.0,Z=0.0))
[2015.06.13-08.16.37:312][  0]LogMeshUtilities: No automatic mesh reduction module available
[2015.06.13-08.16.37:312][  0]LogMeshUtilities: No automatic mesh merging module available
[2015.06.13-08.16.37:765][  0]LogInit: WinSock: version 1.1 (2.2), MaxSocks=32767, MaxUdp=65467
[2015.06.13-08.16.39:506][  0]UdpMessaging: Initializing bridge on interface 0.0.0.0:0 to multicast group 230.0.0.1:6666.
[2015.06.13-08.16.39:969][  0]SourceControl: Info Source control is disabled
[2015.06.13-08.16.39:969][  0]SourceControl: Info Source control is disabled
[2015.06.13-08.16.39:981][  0]SourceControl: Info Source control is disabled
[2015.06.13-08.16.39:993][  0]SourceControl: Info Source control is disabled
[2015.06.13-08.16.40:354][  0]LogObj: 26364 objects as part of root set at end of initial load.
[2015.06.13-08.16.40:354][  0]LogUObjectAllocator: 5430368 out of 0 bytes used by permanent object pool.
[2015.06.13-08.16.40:440][  0]LogEngine: Initializing Engine...
[2015.06.13-08.16.40:446][  0]LogHMD: Can't find Oculus library dev build: is proper Runtime installed? Version: 0.6.0.0
[2015.06.13-08.16.40:447][  0]LogHMD:Warning: SteamVR failed to initialize.  Error: 110
[2015.06.13-08.16.40:649][  0]LogAIModule: Creating AISystem for world NewWorld
[2015.06.13-08.16.40:665][  0]LogInit: XAudio2 using 'Digital Audio (S/PDIF) (2- High Definition Audio Device)' : 2 channels at 48 kHz using 16 bits per sample (channel mask 0x3)
[2015.06.13-08.16.40:680][  0]LogInit: FAudioDevice initialized.
[2015.06.13-08.16.40:711][  0]LogDerivedDataCache: Saved boot cache 0.03s 53MB C:/Users/Strauzen/AppData/Local/UnrealEngine/4.8/DerivedDataCache/Boot.ddc.
[2015.06.13-08.16.40:750][  0]LogInit: Texture streaming: Disabled
[2015.06.13-08.16.40:782][  0]LogAnalytics: Creating configured Analytics provider AnalyticsET
[2015.06.13-08.16.40:783][  0]LogAnalytics: [UEEditor.Rocket.Release] APIServer = http://et2.epicgames.com/ET2/. AppVersion = 4.8.0-2579680+++depot+UE4-Releases+4.8
[2015.06.13-08.16.40:783][  0]LogAnalytics: [UEEditor.Rocket.Release] SetUserId 02d674644acb8d5c13eb31b552a123b3|2a539c7c7f1745a7ab0b664d7e39bab9|08ba6623-d757-403a-87c0-8eb8de9bb792
[2015.06.13-08.16.40:783][  0]LogAnalytics: [UEEditor.Rocket.Release] AnalyticsET::StartSession
[2015.06.13-08.16.40:848][  0]LogInit: Transaction tracking system initialized
[2015.06.13-08.16.41:007][  0]BlueprintLog: New page: Editor Load
[2015.06.13-08.16.41:047][  0]LogAssetRegistry: FAssetRegistry took 0.0107 seconds to start up
[2015.06.13-08.16.41:048][  0]LogDirectoryWatcher:Warning: Failed to begin reading directory changes for ../../../Engine/Plugins/Experimental/CharacterAI/Content/. Error: 0
[2015.06.13-08.16.41:797][  0]LogLinker:Warning: Asset '../../../Engine/Content/Tutorial/Mobile/InstallingiTunesTutorial.uasset' has been saved with empty engine version. The asset will be loaded but may be incompatible.
[2015.06.13-08.16.41:940][  0]LogConsoleManager:Warning: Console variable 'r.VSync' wasn't set ('GameSetting' has a lower priority than 'SystemSettingsIni')
[2015.06.13-08.16.41:940][  0]LogConsoleResponse:Display: 
[2015.06.13-08.16.42:076][  0]LogCook:Display: Done creating registry. It took  0.00s.
[2015.06.13-08.16.43:002][  0]SourceControl: Info Source control is disabled
[2015.06.13-08.16.43:002][  0]Cmd: MAP LOAD FILE="../../../Engine/Content/Maps/Templates/Template_Default.umap" TEMPLATE=1 SHOWPROGRESS=1 FEATURELEVEL=3
[2015.06.13-08.16.43:003][  0]LightingResults: New page: Lighting Build
[2015.06.13-08.16.43:018][  0]MapCheck: New page: Map Check
[2015.06.13-08.16.43:018][  0]LightingResults: New page: Lighting Build
[2015.06.13-08.16.43:028][  0]LogParticles: Destroying 0 GPU particle simulations for FXSystem 0x000000CC7D5F0860
[2015.06.13-08.16.43:563][  0]LogAIModule: Creating AISystem for world Untitled_1
[2015.06.13-08.16.43:570][  0]LogEditorServer: Finished looking for orphan Actors (0.000 secs)
[2015.06.13-08.16.43:585][  0]Cmd: MAP CHECKDEP NOCLEARLOG
[2015.06.13-08.16.43:661][  0]MapCheck: Info Map check complete: 0 Error(s), 0 Warning(s), took 76.779ms to complete.
[2015.06.13-08.16.43:662][  0]LogFileHelpers: Loading map 'Template_Default' took 0.659
[2015.06.13-08.16.43:807][  0]LogCollectionManager: Loaded 0 collections in 0.002398 seconds
[2015.06.13-08.16.43:816][  0]LogContentBrowser: Native class hierarchy populated in 0.0097 seconds. Added 1807 classes and 318 folders.
[2015.06.13-08.16.43:869][  0]LogContentBrowser: Native class hierarchy updated for 'WidgetCarousel' in 0.0012 seconds. Added 0 classes and 0 folders.
[2015.06.13-08.16.43:901][  0]LogContentBrowser: Native class hierarchy updated for 'AddContentDialog' in 0.0012 seconds. Added 0 classes and 0 folders.
[2015.06.13-08.16.43:920][  0]LogContentBrowser: Native class hierarchy updated for 'SceneOutliner' in 0.0012 seconds. Added 1 classes and 2 folders.
[2015.06.13-08.16.43:958][  0]LogCrashTracker: Crashtracker disabled due to settings.
[2015.06.13-08.16.43:964][  0]LogUObjectGlobals:Warning: Failed to find object 'Class None.'
[2015.06.13-08.16.43:986][  0]LogLoad: Full Startup: 12.92 seconds (BP compile: 0.22 seconds)
[2015.06.13-08.16.44:390][  0]LogContentStreaming: Texture pool size is 0.000000MB
[2015.06.13-08.16.44:417][  0]LogContentStreaming: Texture pool size now 1000 MB
[2015.06.13-08.16.44:562][  0]LogRenderer: Reallocating scene render targets to support 1208x600 (Frame:2).
[2015.06.13-08.16.46:391][  6]LogAssetRegistry: Asset discovery search completed in 5.3544 seconds
[2015.06.13-08.26.56:490][596]Running C:/Development/Epic Games/4.8/Engine/Binaries/DotNET/UnrealBuildTool.exe  -projectfiles -project="D:/Projects/Unreal Projects/WebSocket_Plugin/WebSocket_Plugin.uproject" -game -rocket -progress
[2015.06.13-08.26.56:895][596]Discovering modules, targets and source code for game...
[2015.06.13-08.54.56:411][623]LogHotReload: New module detected: UE4Editor-WebSocket_Plugin-5865.dll
[2015.06.13-08.54.57:420][627]LogHotReload: Starting Hot-Reload from IDE
[2015.06.13-08.54.57:603][627]LogContentBrowser: Native class hierarchy updated for 'WebSocket_Plugin' in 0.0014 seconds. Added 1 classes and 2 folders.
[2015.06.13-08.54.57:604][627]Warning: HotReload successful (0 functions remapped  0 scriptstructs remapped)
[2015.06.13-08.54.57:635][627]LogContentBrowser: Native class hierarchy populated in 0.0106 seconds. Added 1808 classes and 320 folders.
[2015.06.13-09.06.39:745][733]LogHotReload: New module detected: UE4Editor-WebSocket_Plugin-5540.dll
[2015.06.13-09.06.40:423][736]LogHotReload: Starting Hot-Reload from IDE
[2015.06.13-09.06.40:494][736]LogContentBrowser: Native class hierarchy updated for 'WebSocket_Plugin' in 0.0013 seconds. Added 1 classes and 2 folders.
[2015.06.13-09.06.40:496][736]Warning: HotReload successful (0 functions remapped  0 scriptstructs remapped)
[2015.06.13-09.06.40:526][736]LogContentBrowser: Native class hierarchy populated in 0.0103 seconds. Added 1808 classes and 320 folders.
[2015.06.13-09.59.05:452][210]LogHotReload: New module detected: UE4Editor-WebSocket_Plugin-7102.dll
[2015.06.13-09.59.06:457][214]LogHotReload: Starting Hot-Reload from IDE
[2015.06.13-09.59.06:685][214]LogContentBrowser: Native class hierarchy updated for 'WebSocket_Plugin' in 0.0013 seconds. Added 1 classes and 2 folders.
[2015.06.13-09.59.06:686][214]Warning: HotReload successful (0 functions remapped  0 scriptstructs remapped)
[2015.06.13-09.59.06:716][214]LogContentBrowser: Native class hierarchy populated in 0.0103 seconds. Added 1808 classes and 320 folders.
[2015.06.13-10.12.48:455][679]LogHotReload: New module detected: UE4Editor-WebSocket_Plugin-9938.dll
[2015.06.13-10.12.49:130][682]LogHotReload: Starting Hot-Reload from IDE
[2015.06.13-10.12.49:229][682]LogContentBrowser: Native class hierarchy updated for 'WebSocket_Plugin' in 0.0013 seconds. Added 1 classes and 2 folders.
[2015.06.13-10.12.49:231][682]Warning: HotReload successful (0 functions remapped  0 scriptstructs remapped)
[2015.06.13-10.12.49:262][682]LogContentBrowser: Native class hierarchy populated in 0.0105 seconds. Added 1808 classes and 320 folders.
[2015.06.13-10.20.36:457][ 83]LogHotReload: New module detected: UE4Editor-WebSocket_Plugin-4067.dll
[2015.06.13-10.20.37:130][ 86]LogHotReload: Starting Hot-Reload from IDE
[2015.06.13-10.20.37:212][ 86]LogContentBrowser: Native class hierarchy updated for 'WebSocket_Plugin' in 0.0012 seconds. Added 1 classes and 2 folders.
[2015.06.13-10.20.37:213][ 86]Warning: HotReload successful (0 functions remapped  0 scriptstructs remapped)
[2015.06.13-10.20.37:241][ 86]LogContentBrowser: Native class hierarchy populated in 0.0105 seconds. Added 1808 classes and 320 folders.
[2015.06.13-10.28.45:793][551]LogHotReload: New module detected: UE4Editor-WebSocket_Plugin-4107.dll
[2015.06.13-10.28.47:465][557]LogHotReload: Starting Hot-Reload from IDE
[2015.06.13-10.28.49:057][557]LogContentBrowser: Native class hierarchy updated for 'WebSocket_Plugin' in 0.0013 seconds. Added 1 classes and 2 folders.
[2015.06.13-10.28.49:058][557]Warning: HotReload successful (0 functions remapped  0 scriptstructs remapped)
[2015.06.13-10.28.49:088][557]LogContentBrowser: Native class hierarchy populated in 0.0119 seconds. Added 1808 classes and 320 folders.
[2015.06.13-10.39.45:110][525]LogHotReload: New module detected: UE4Editor-WebSocket_Plugin-2759.dll
[2015.06.13-10.39.45:782][528]LogHotReload: Starting Hot-Reload from IDE
[2015.06.13-10.39.46:556][528]LogContentBrowser: Native class hierarchy updated for 'WebSocket_Plugin' in 0.0013 seconds. Added 1 classes and 2 folders.
[2015.06.13-10.39.46:557][528]Warning: HotReload successful (0 functions remapped  0 scriptstructs remapped)
[2015.06.13-10.39.46:682][528]LogContentBrowser: Native class hierarchy populated in 0.0104 seconds. Added 1808 classes and 320 folders.
[2015.06.13-10.41.45:366][884]LogHotReload: New module detected: UE4Editor-WebSocket_Plugin-3210.dll
[2015.06.13-10.41.46:371][888]LogHotReload: Starting Hot-Reload from IDE
[2015.06.13-10.41.46:640][888]LogContentBrowser: Native class hierarchy updated for 'WebSocket_Plugin' in 0.0012 seconds. Added 1 classes and 2 folders.
[2015.06.13-10.41.46:641][888]Warning: HotReload successful (0 functions remapped  0 scriptstructs remapped)
[2015.06.13-10.41.46:712][888]LogContentBrowser: Native class hierarchy populated in 0.0108 seconds. Added 1808 classes and 320 folders.
[2015.06.13-10.44.16:104][336]LogHotReload: New module detected: UE4Editor-WebSocket_Plugin-5215.dll
[2015.06.13-10.44.16:778][339]LogHotReload: Starting Hot-Reload from IDE
[2015.06.13-10.44.16:966][339]LogContentBrowser: Native class hierarchy updated for 'WebSocket_Plugin' in 0.0013 seconds. Added 1 classes and 2 folders.
[2015.06.13-10.44.16:968][339]Warning: HotReload successful (0 functions remapped  0 scriptstructs remapped)
[2015.06.13-10.44.17:027][339]LogContentBrowser: Native class hierarchy populated in 0.0106 seconds. Added 1808 classes and 320 folders.
[2015.06.13-10.45.43:437][598]LogHotReload: New module detected: UE4Editor-WebSocket_Plugin-7168.dll
[2015.06.13-10.45.44:109][601]LogHotReload: Starting Hot-Reload from IDE
[2015.06.13-10.45.44:208][601]LogContentBrowser: Native class hierarchy updated for 'WebSocket_Plugin' in 0.0013 seconds. Added 1 classes and 2 folders.
[2015.06.13-10.45.44:223][601]Warning: HotReload successful (0 functions remapped  0 scriptstructs remapped)
[2015.06.13-10.45.44:275][601]LogContentBrowser: Native class hierarchy populated in 0.0342 seconds. Added 1808 classes and 320 folders.
[2015.06.13-10.48.09:105][ 35]LogHotReload: New module detected: UE4Editor-WebSocket_Plugin-7036.dll
[2015.06.13-10.48.09:444][ 37]LogHotReload: Starting Hot-Reload from IDE
[2015.06.13-10.48.09:541][ 37]LogModuleManager:Warning: ModuleManager: Unable to load module 'WebSocket_Plugin' because the file 'D:/Projects/Unreal Projects/WebSocket_Plugin/Binaries/Win64/UE4Editor-WebSocket_Plugin-7036.dll' was not found.
[2015.06.13-10.48.09:541][ 37]Warning: HotReload failed, reload failed /Script/WebSocket_Plugin.
[2015.06.13-10.48.09:641][ 37]LogContentBrowser: Native class hierarchy populated in 0.0110 seconds. Added 1808 classes and 320 folders.
[2015.06.13-16.29.43:771][664]LogWindowsTextInputMethodSystem:Display: IME system now deactivated.
[2015.06.13-16.29.45:474][665]Cmd: QUIT_EDITOR
[2015.06.13-16.29.46:235][665]LogExit: Preparing to exit.
[2015.06.13-16.29.50:000][665]LogExit: Editor shut down
[2015.06.13-16.29.50:057][665]LogExit: Transaction tracking system shut down
[2015.06.13-16.29.50:155][665]LogParticles: Destroying 0 GPU particle simulations for FXSystem 0x000000CC6E6A02C0
[2015.06.13-16.29.52:677][665]LogParticles: Destroying 0 GPU particle simulations for FXSystem 0x000000CC6F13F6A0
[2015.06.13-16.29.52:677][665]LogExit: Object subsystem successfully closed.
[2015.06.13-16.29.53:805][665]LogModuleManager: Shutting down and abandoning module CrashTracker (195)
[2015.06.13-16.29.53:806][665]LogModuleManager: Shutting down and abandoning module SceneOutliner (194)
[2015.06.13-16.29.53:806][665]LogModuleManager: Shutting down and abandoning module SuperSearch (193)
[2015.06.13-16.29.53:806][665]LogModuleManager: Shutting down and abandoning module WidgetCarousel (192)
[2015.06.13-16.29.53:807][665]LogModuleManager: Shutting down and abandoning module AddContentDialog (191)
[2015.06.13-16.29.53:901][665]LogModuleManager: Shutting down and abandoning module EditorWidgets (190)
[2015.06.13-16.29.53:901][665]LogModuleManager: Shutting down and abandoning module CollectionManager (189)
[2015.06.13-16.29.53:902][665]LogModuleManager: Shutting down and abandoning module StatsViewer (188)
[2015.06.13-16.29.53:908][665]LogModuleManager: Shutting down and abandoning module FoliageEdit (187)
[2015.06.13-16.29.53:908][665]LogModuleManager: Shutting down and abandoning module LandscapeEditor (186)
[2015.06.13-16.29.53:920][665]LogModuleManager: Shutting down and abandoning module ActorPickerMode (185)
[2015.06.13-16.29.53:920][665]LogModuleManager: Shutting down and abandoning module GeometryMode (184)
[2015.06.13-16.29.53:920][665]LogModuleManager: Shutting down and abandoning module TextureAlignMode (183)
[2015.06.13-16.29.53:920][665]LogModuleManager: Shutting down and abandoning module BspMode (182)
[2015.06.13-16.29.53:920][665]LogModuleManager: Shutting down and abandoning module PlacementMode (181)
[2015.06.13-16.29.53:920][665]LogModuleManager: Shutting down and abandoning module AutomationWorker (180)
[2015.06.13-16.29.53:920][665]LogModuleManager: Shutting down and abandoning module CharacterAI (179)
[2015.06.13-16.29.53:921][665]LogModuleManager: Shutting down and abandoning module PluginCreator (178)
[2015.06.13-16.29.53:922][665]LogModuleManager: Shutting down and abandoning module SmartSnapping (177)
[2015.06.13-16.29.53:922][665]LogModuleManager: Shutting down and abandoning module ViewportSnapping (176)
[2015.06.13-16.29.53:922][665]LogModuleManager: Shutting down and abandoning module LogVisualizer (175)
[2015.06.13-16.29.53:941][665]LogModuleManager: Shutting down and abandoning module GameProjectGeneration (174)
[2015.06.13-16.29.53:942][665]LogModuleManager: Shutting down and abandoning module IntroTutorials (173)
[2015.06.13-16.29.53:946][665]LogModuleManager: Shutting down and abandoning module EditorLiveStreaming (172)
[2015.06.13-16.29.53:946][665]LogModuleManager: Shutting down and abandoning module IOSPlatformEditor (171)
[2015.06.13-16.29.53:957][665]LogModuleManager: Shutting down and abandoning module HTML5PlatformEditor (170)
[2015.06.13-16.29.53:958][665]LogModuleManager: Shutting down and abandoning module AndroidDeviceDetection (169)
[2015.06.13-16.29.54:250][665]LogModuleManager: Shutting down and abandoning module AndroidPlatformEditor (168)
[2015.06.13-16.29.54:250][665]LogModuleManager: Shutting down and abandoning module IOSRuntimeSettings (167)
[2015.06.13-16.29.54:250][665]LogModuleManager: Shutting down and abandoning module AndroidRuntimeSettings (166)
[2015.06.13-16.29.54:250][665]LogModuleManager: Shutting down and abandoning module MergeActors (165)
[2015.06.13-16.29.54:251][665]LogModuleManager: Shutting down and abandoning module SizeMap (164)
[2015.06.13-16.29.54:251][665]LogModuleManager: Shutting down and abandoning module TreeMap (163)
[2015.06.13-16.29.54:253][665]LogModuleManager: Shutting down and abandoning module ReferenceViewer (162)
[2015.06.13-16.29.54:253][665]LogModuleManager: Shutting down and abandoning module LocalizationDashboard (161)
[2015.06.13-16.29.54:255][665]LogModuleManager: Shutting down and abandoning module HardwareTargeting (160)
[2015.06.13-16.29.54:255][665]LogModuleManager: Shutting down and abandoning module DeviceProfileEditor (159)
[2015.06.13-16.29.54:256][665]LogModuleManager: Shutting down and abandoning module UndoHistory (158)
[2015.06.13-16.29.54:257][665]LogModuleManager: Shutting down and abandoning module GameplayTagsEditor (157)
[2015.06.13-16.29.54:257][665]LogModuleManager: Shutting down and abandoning module UserFeedback (156)
[2015.06.13-16.29.54:257][665]LogModuleManager: Shutting down and abandoning module XmlParser (155)
[2015.06.13-16.29.54:258][665]LogModuleManager: Shutting down and abandoning module Blutility (154)
[2015.06.13-16.29.54:258][665]LogModuleManager: Shutting down and abandoning module ProjectTargetPlatformEditor (153)
[2015.06.13-16.29.54:258][665]LogModuleManager: Shutting down and abandoning module ProjectSettingsViewer (152)
[2015.06.13-16.29.54:258][665]LogModuleManager: Shutting down and abandoning module InputBindingEditor (151)
[2015.06.13-16.29.54:260][665]LogModuleManager: Shutting down and abandoning module EditorSettingsViewer (150)
[2015.06.13-16.29.54:260][665]LogModuleManager: Shutting down and abandoning module SettingsEditor (149)
[2015.06.13-16.29.54:262][665]LogModuleManager: Shutting down and abandoning module ProjectLauncher (148)
[2015.06.13-16.29.54:262][665]LogModuleManager: Shutting down and abandoning module SessionFrontend (147)
[2015.06.13-16.29.54:263][665]LogModuleManager: Shutting down and abandoning module ProfilerClient (146)
[2015.06.13-16.29.54:263][665]LogModuleManager: Shutting down and abandoning module TargetDeviceServices (145)
[2015.06.13-16.29.54:263][665]LogModuleManager: Shutting down and abandoning module DeviceManager (144)
[2015.06.13-16.29.54:289][665]LogModuleManager: Shutting down and abandoning module AutomationController (143)
[2015.06.13-16.29.54:290][665]LogModuleManager: Shutting down and abandoning module AutomationWindow (142)
[2015.06.13-16.29.54:290][665]LogModuleManager: Shutting down and abandoning module Layers (141)
[2015.06.13-16.29.54:302][665]LogModuleManager: Shutting down and abandoning module ComponentVisualizers (140)
[2015.06.13-16.29.54:302][665]LogModuleManager: Shutting down and abandoning module DetailCustomizations (139)
[2015.06.13-16.29.54:312][665]LogModuleManager: Shutting down and abandoning module PackagesDialog (138)
[2015.06.13-16.29.54:313][665]LogModuleManager: Shutting down and abandoning module AssetRegistry (137)
[2015.06.13-16.29.54:962][665]LogModuleManager: Shutting down and abandoning module Persona (136)
[2015.06.13-16.29.54:964][665]LogModuleManager: Shutting down and abandoning module Kismet (135)
[2015.06.13-16.29.54:975][665]LogModuleManager: Shutting down and abandoning module GraphEditor (134)
[2015.06.13-16.29.54:990][665]LogModuleManager: Shutting down and abandoning module ClassViewer (133)
[2015.06.13-16.29.54:997][665]LogModuleManager: Shutting down and abandoning module Toolbox (132)
[2015.06.13-16.29.54:997][665]LogModuleManager: Shutting down and abandoning module ModuleUI (131)
[2015.06.13-16.29.54:998][665]LogModuleManager: Shutting down and abandoning module MovieSceneTools (130)
[2015.06.13-16.29.55:001][665]LogModuleManager: Shutting down and abandoning module OutputLog (129)
[2015.06.13-16.29.55:001][665]LogModuleManager: Shutting down and abandoning module GammaUI (128)
[2015.06.13-16.29.55:001][665]LogModuleManager: Shutting down and abandoning module Documentation (127)
[2015.06.13-16.29.55:001][665]LogModuleManager: Shutting down and abandoning module GameLiveStreaming (126)
[2015.06.13-16.29.55:002][665]LogModuleManager: Shutting down and abandoning module StreamingPauseRendering (125)
[2015.06.13-16.29.55:011][665]LogModuleManager: Shutting down and abandoning module AnalyticsET (124)
[2015.06.13-16.29.55:011][665]LogModuleManager: Shutting down and abandoning module Analytics (123)
[2015.06.13-16.29.55:019][665]LogModuleManager: Shutting down and abandoning module AITestSuite (122)
[2015.06.13-16.29.55:019][665]LogModuleManager: Shutting down and abandoning module GameplayDebugger (121)
[2015.06.13-16.29.55:019][665]LogModuleManager: Shutting down and abandoning module AIModule (120)
[2015.06.13-16.29.55:020][665]LogModuleManager: Shutting down and abandoning module ProfilerService (119)
[2015.06.13-16.29.55:255][665]LogModuleManager: Shutting down and abandoning module TaskGraph (118)
[2015.06.13-16.29.55:257][665]LogModuleManager: Shutting down and abandoning module SlateRemote (117)
[2015.06.13-16.29.55:257][665]LogModuleManager: Shutting down and abandoning module ScriptEditorPlugin (116)
[2015.06.13-16.29.55:257][665]LogModuleManager: Shutting down and abandoning module WebBrowserWidget (115)
[2015.06.13-16.29.55:257][665]LogModuleManager: Shutting down and abandoning module SteamVRController (114)
[2015.06.13-16.29.55:257][665]LogModuleManager: Shutting down and abandoning module SteamVR (113)
[2015.06.13-16.29.55:257][665]LogModuleManager: Shutting down and abandoning module ProceduralMeshComponent (112)
[2015.06.13-16.29.55:257][665]LogModuleManager: Shutting down and abandoning module OculusRift (111)
[2015.06.13-16.29.55:257][665]LogModuleManager: Shutting down and abandoning module LeapMotionController (110)
[2015.06.13-16.29.55:296][665]LogModuleManager: Shutting down and abandoning module CustomMeshComponent (109)
[2015.06.13-16.29.55:296][665]LogModuleManager: Shutting down and abandoning module CableComponent (108)
[2015.06.13-16.29.55:296][665]LogModuleManager: Shutting down and abandoning module MessagingDebugger (107)
[2015.06.13-16.29.55:299][665]LogModuleManager: Shutting down and abandoning module MediaPlayerEditor (106)
[2015.06.13-16.29.55:300][665]LogModuleManager: Shutting down and abandoning module CodeView (105)
[2015.06.13-16.29.55:302][665]LogModuleManager: Shutting down and abandoning module CodeEditor (104)
[2015.06.13-16.29.55:303][665]LogModuleManager: Shutting down and abandoning module SpeedTreeImporter (103)
[2015.06.13-16.29.55:303][665]LogModuleManager: Shutting down and abandoning module PluginBrowser (102)
[2015.06.13-16.29.55:305][665]LogModuleManager: Shutting down and abandoning module EpicSurvey (101)
[2015.06.13-16.29.55:308][665]LogModuleManager: Shutting down and abandoning module DesktopPlatform (100)
[2015.06.13-16.29.55:309][665]LogModuleManager: Shutting down and abandoning module VisualStudioSourceCodeAccess (99)
[2015.06.13-16.29.55:310][665]LogModuleManager: Shutting down and abandoning module UObjectPlugin (98)
[2015.06.13-16.29.55:310][665]LogModuleManager: Shutting down and abandoning module SubversionSourceControl (97)
[2015.06.13-16.29.55:312][665]LogModuleManager: Shutting down and abandoning module PerforceSourceControl (96)
[2015.06.13-16.29.55:314][665]LogModuleManager: Shutting down and abandoning module SourceControl (95)
[2015.06.13-16.29.55:316][665]LogModuleManager: Shutting down and abandoning module GitSourceControl (94)
[2015.06.13-16.29.55:318][665]LogModuleManager: Shutting down and abandoning module BlankPlugin (93)
[2015.06.13-16.29.55:318][665]LogModuleManager: Shutting down and abandoning module PaperTiledImporter (92)
[2015.06.13-16.29.55:318][665]LogModuleManager: Shutting down and abandoning module PaperSpriteSheetImporter (91)
[2015.06.13-16.29.55:318][665]LogModuleManager: Shutting down and abandoning module MeshPaint (90)
[2015.06.13-16.29.55:318][665]LogModuleManager: Shutting down and abandoning module SlateReflector (89)
[2015.06.13-16.29.55:319][665]LogModuleManager: Shutting down and abandoning module DirectoryWatcher (88)
[2015.06.13-16.29.55:357][665]LogModuleManager: Shutting down and abandoning module HotReload (87)
[2015.06.13-16.29.55:358][665]LogModuleManager: Shutting down and abandoning module MainFrame (86)
[2015.06.13-16.29.55:358][665]LogModuleManager: Shutting down and abandoning module LevelEditor (85)
[2015.06.13-16.29.55:399][665]LogModuleManager: Shutting down and abandoning module ContentBrowser (84)
[2015.06.13-16.29.55:406][665]LogModuleManager: Shutting down and abandoning module Paper2DEditor (83)
[2015.06.13-16.29.55:413][665]LogModuleManager: Shutting down and abandoning module ScriptPlugin (81)
[2015.06.13-16.29.55:422][665]LogModuleManager: Shutting down and abandoning module UdpMessaging (80)
[2015.06.13-16.29.55:523][665]LogModuleManager: Shutting down and abandoning module Paper2D (79)
[2015.06.13-16.29.55:523][665]LogModuleManager: Shutting down and abandoning module WindowsMoviePlayer (78)
[2015.06.13-16.29.55:562][665]LogModuleManager: Shutting down and abandoning module Media (77)
[2015.06.13-16.29.55:562][665]LogModuleManager: Shutting down and abandoning module WmfMedia (76)
[2015.06.13-16.29.55:582][665]LogModuleManager: Shutting down and abandoning module OnlineBlueprintSupport (75)
[2015.06.13-16.29.55:582][665]LogModuleManager: Shutting down and abandoning module PropertyEditor (74)
[2015.06.13-16.29.55:585][665]LogModuleManager: Shutting down and abandoning module BehaviorTreeEditor (73)
[2015.06.13-16.29.55:587][665]LogModuleManager: Shutting down and abandoning module FunctionalTesting (72)
[2015.06.13-16.29.55:587][665]LogModuleManager: Shutting down and abandoning module CollisionAnalyzer (71)
[2015.06.13-16.29.55:588][665]LogModuleManager: Shutting down and abandoning module WorkspaceMenuStructure (70)
[2015.06.13-16.29.55:590][665]LogModuleManager: Shutting down and abandoning module MessageLog (69)
[2015.06.13-16.29.55:599][665]LogModuleManager: Shutting down and abandoning module Sequencer (68)
[2015.06.13-16.29.55:601][665]LogModuleManager: Shutting down and abandoning module AssetTools (67)
[2015.06.13-16.29.55:605][665]LogModuleManager: Shutting down and abandoning module UMGEditor (66)
[2015.06.13-16.29.55:607][665]LogModuleManager: Shutting down and abandoning module UMG (65)
[2015.06.13-16.29.55:608][665]LogModuleManager: Shutting down and abandoning module Slate (64)
[2015.06.13-16.29.55:608][665]LogModuleManager: Shutting down and abandoning module EditorStyle (63)
[2015.06.13-16.29.55:657][665]LogModuleManager: Shutting down and abandoning module SessionServices (62)
[2015.06.13-16.29.55:657][665]LogModuleManager: Shutting down and abandoning module SourceCodeAccess (61)
[2015.06.13-16.29.55:657][665]LogModuleManager: Shutting down and abandoning module HeadMountedDisplay (60)
[2015.06.13-16.29.55:662][665]LogModuleManager: Shutting down and abandoning module XAudio2 (59)
[2015.06.13-16.29.55:662][665]LogModuleManager: Shutting down and abandoning module Networking (57)
[2015.06.13-16.29.55:662][665]LogModuleManager: Shutting down and abandoning module Core (56)
[2015.06.13-16.29.55:662][665]LogModuleManager: Shutting down and abandoning module KismetCompiler (55)
[2015.06.13-16.29.55:669][665]LogModuleManager: Shutting down and abandoning module PhysXFormats (54)
[2015.06.13-16.29.55:682][665]LogModuleManager: Shutting down and abandoning module MeshUtilities (53)
[2015.06.13-16.29.55:688][665]LogModuleManager: Shutting down and abandoning module DerivedDataCache (52)
[2015.06.13-16.29.55:732][665]LogDerivedDataCache: Shutdown
[2015.06.13-16.29.55:732][665]LogModuleManager: Shutting down and abandoning module ShaderFormatOpenGL (51)
[2015.06.13-16.29.55:733][665]LogModuleManager: Shutting down and abandoning module ShaderFormatD3D (50)
[2015.06.13-16.29.55:734][665]LogModuleManager: Shutting down and abandoning module MetalShaderFormat (49)
[2015.06.13-16.29.55:735][665]LogModuleManager: Shutting down and abandoning module TextureFormatUncompressed (48)
[2015.06.13-16.29.55:735][665]LogModuleManager: Shutting down and abandoning module TextureFormatPVR (47)
[2015.06.13-16.29.55:736][665]LogModuleManager: Shutting down and abandoning module TextureFormatIntelISPCTexComp (46)
[2015.06.13-16.29.55:736][665]LogModuleManager: Shutting down and abandoning module TextureFormatDXT (45)
[2015.06.13-16.29.55:737][665]LogModuleManager: Shutting down and abandoning module ImageWrapper (44)
[2015.06.13-16.29.55:737][665]LogModuleManager: Shutting down and abandoning module TextureFormatASTC (43)
[2015.06.13-16.29.55:737][665]LogModuleManager: Shutting down and abandoning module TextureFormatAndroid (42)
[2015.06.13-16.29.55:738][665]LogModuleManager: Shutting down and abandoning module AudioFormatOpus (41)
[2015.06.13-16.29.55:738][665]LogModuleManager: Shutting down and abandoning module AudioFormatOgg (40)
[2015.06.13-16.29.55:739][665]LogModuleManager: Shutting down and abandoning module AudioFormatADPCM (39)
[2015.06.13-16.29.55:739][665]LogModuleManager: Shutting down and abandoning module LinuxTargetPlatform (38)
[2015.06.13-16.29.55:751][665]LogModuleManager: Shutting down and abandoning module LinuxServerTargetPlatform (37)
[2015.06.13-16.29.55:752][665]LogModuleManager: Shutting down and abandoning module LinuxNoEditorTargetPlatform (36)
[2015.06.13-16.29.55:752][665]LogModuleManager: Shutting down and abandoning module Messaging (35)
[2015.06.13-16.29.55:755][665]LogModuleManager: Shutting down and abandoning module IOSTargetPlatform (34)
[2015.06.13-16.29.55:760][665]LogModuleManager: Shutting down and abandoning module HTML5TargetPlatform (33)
[2015.06.13-16.29.55:767][665]LogModuleManager: Shutting down and abandoning module Android_PVRTCTargetPlatform (32)
[2015.06.13-16.29.55:767][665]LogModuleManager: Shutting down and abandoning module Android_ETC2TargetPlatform (31)
[2015.06.13-16.29.55:767][665]LogModuleManager: Shutting down and abandoning module Android_ETC1TargetPlatform (30)
[2015.06.13-16.29.55:767][665]LogModuleManager: Shutting down and abandoning module Android_DXTTargetPlatform (29)
[2015.06.13-16.29.55:767][665]LogModuleManager: Shutting down and abandoning module Android_ATCTargetPlatform (28)
[2015.06.13-16.29.55:773][665]LogModuleManager: Shutting down and abandoning module Android_ASTCTargetPlatform (27)
[2015.06.13-16.29.55:773][665]LogModuleManager: Shutting down and abandoning module AndroidTargetPlatform (26)
[2015.06.13-16.29.55:773][665]LogModuleManager: Shutting down and abandoning module WindowsTargetPlatform (25)
[2015.06.13-16.29.55:787][665]LogModuleManager: Shutting down and abandoning module WindowsServerTargetPlatform (24)
[2015.06.13-16.29.55:787][665]LogModuleManager: Shutting down and abandoning module WindowsNoEditorTargetPlatform (23)
[2015.06.13-16.29.55:798][665]LogModuleManager: Shutting down and abandoning module WindowsClientTargetPlatform (22)
[2015.06.13-16.29.55:798][665]LogModuleManager: Shutting down and abandoning module DesktopTargetPlatform (21)
[2015.06.13-16.29.55:799][665]LogModuleManager: Shutting down and abandoning module TargetPlatform (20)
[2015.06.13-16.29.55:799][665]LogModuleManager: Shutting down and abandoning module InputCore (19)
[2015.06.13-16.29.55:799][665]LogModuleManager: Shutting down and abandoning module Settings (18)
[2015.06.13-16.29.55:800][665]LogModuleManager: Shutting down and abandoning module OnlineSubsystem (16)
[2015.06.13-16.29.55:800][665]LogModuleManager: Shutting down and abandoning module HTTP (15)
[2015.06.13-16.29.55:827][665]LogModuleManager: Shutting down and abandoning module ExampleDeviceProfileSelector (14)
[2015.06.13-16.29.55:835][665]LogModuleManager: Shutting down and abandoning module TextureCompressor (13)
[2015.06.13-16.29.55:843][665]LogModuleManager: Shutting down and abandoning module ShaderCore (12)
[2015.06.13-16.29.55:843][665]LogModuleManager: Shutting down and abandoning module Landscape (11)
[2015.06.13-16.29.55:843][665]LogModuleManager: Shutting down and abandoning module SlateRHIRenderer (10)
[2015.06.13-16.29.56:246][665]LogModuleManager: Shutting down and abandoning module OpenGLDrv (9)
[2015.06.13-16.29.56:246][665]LogModuleManager: Shutting down and abandoning module D3D11RHI (8)
[2015.06.13-16.29.56:246][665]LogModuleManager: Shutting down and abandoning module Renderer (7)
[2015.06.13-16.29.56:246][665]LogModuleManager: Shutting down and abandoning module Engine (6)
[2015.06.13-16.29.56:246][665]LogModuleManager: Shutting down and abandoning module CoreUObject (5)
[2015.06.13-16.29.56:247][665]LogModuleManager: Shutting down and abandoning module NetworkFile (4)
[2015.06.13-16.29.56:247][665]LogModuleManager: Shutting down and abandoning module StreamingFile (3)
[2015.06.13-16.29.56:247][665]LogModuleManager: Shutting down and abandoning module SandboxFile (2)
[2015.06.13-16.29.56:259][665]LogModuleManager: Shutting down and abandoning module PakFile (1)
[2015.06.13-16.29.56:299][665]LogExit: Exiting.
[2015.06.13-16.29.56:398][665]Log file closed, 06/13/15 18:29:56
