[2015.06.13-13.41.20:836][  0]Log file open, 06/13/15 15:41:20
[2015.06.13-13.41.20:836][  0]LogInit:Display: Running engine for game: WebSocket_Plugin
[2015.06.13-13.41.20:836][  0]LogInit:Display: RandInit(-1743676337) SRandInit(-1743676336).
[2015.06.13-13.41.20:836][  0]LogTaskGraph: Started task graph with 4 named threads and 7 total threads.
[2015.06.13-13.41.20:837][  0]LogStats: Stats thread started
[2015.06.13-13.41.20:837][  0]LogInit: Version: 4.8.0-2579680+++depot+UE4-Releases+4.8
[2015.06.13-13.41.20:837][  0]LogInit: API Version: 2579680
[2015.06.13-13.41.20:837][  0]LogInit: Compiled (64-bit): Jun  8 2015 03:34:53
[2015.06.13-13.41.20:838][  0]LogInit: Compiled with Visual C++: 18.00.21005.01
[2015.06.13-13.41.20:838][  0]LogInit: Build Configuration: Development
[2015.06.13-13.41.20:838][  0]LogInit: Branch Name: ++depot+UE4-Releases+4.8
[2015.06.13-13.41.20:838][  0]LogInit: Command line: 
[2015.06.13-13.41.20:839][  0]LogInit: Base directory: C:/Development/Epic Games/4.8/Engine/Binaries/Win64/
[2015.06.13-13.41.20:839][  0]LogInit: Rocket: 1
[2015.06.13-13.41.20:859][  0]LogInit: Using libcurl 7.41.0
[2015.06.13-13.41.20:859][  0]LogInit:  - built for x86_64-pc-win32
[2015.06.13-13.41.20:859][  0]LogInit:  - supports SSL with WinSSL
[2015.06.13-13.41.20:860][  0]LogInit:  - other features:
[2015.06.13-13.41.20:860][  0]LogInit:      CURL_VERSION_SSL
[2015.06.13-13.41.20:860][  0]LogInit:      CURL_VERSION_IPV6
[2015.06.13-13.41.20:861][  0]LogInit:      CURL_VERSION_ASYNCHDNS
[2015.06.13-13.41.20:861][  0]LogInit:      CURL_VERSION_LARGEFILE
[2015.06.13-13.41.20:861][  0]LogInit:      CURL_VERSION_IDN
[2015.06.13-13.41.20:862][  0]LogInit:  CurlRequestOptions (configurable via config and command line):
[2015.06.13-13.41.20:862][  0]LogInit:  - bVerifyPeer = true  - Libcurl will verify peer certificate
[2015.06.13-13.41.20:862][  0]LogInit:  - bUseHttpProxy = false  - Libcurl will NOT use HTTP proxy
[2015.06.13-13.41.20:863][  0]LogInit:  - bDontReuseConnections = false  - Libcurl will reuse connections
[2015.06.13-13.41.20:863][  0]LogInit:  - CertBundlePath = nullptr  - Libcurl will use whatever was configured at build time.
[2015.06.13-13.41.20:880][  0]LogOnline:Warning: No default platform service specified for OnlineSubsystem
[2015.06.13-13.41.20:979][  0]LogInit: Presizing for 0 objects not considered by GC, pre-allocating 0 bytes.
[2015.06.13-13.41.20:997][  0]LogInit: Object subsystem initialized
[2015.06.13-13.41.21:006][  0]LogConsoleResponse:Warning: Skipping Unknown console variable: 'TranslucentSortAxis = (X=0.000000,Y=-1.000000,Z=0.000000)'
[2015.06.13-13.41.21:006][  0]LogConsoleResponse:Warning:   Found in ini file 'D:/Projects/Unreal Projects/WebSocket_Plugin/Saved/Config/Windows/Engine.ini', in section '[/Script/Engine.RendererSettings]'
[2015.06.13-13.41.21:006][  0]LogConsoleResponse:Warning: Skipping Unknown console variable: 'UIScaleRule = ShortestSide'
[2015.06.13-13.41.21:006][  0]LogConsoleResponse:Warning:   Found in ini file 'D:/Projects/Unreal Projects/WebSocket_Plugin/Saved/Config/Windows/Engine.ini', in section '[/Script/Engine.RendererSettings]'
[2015.06.13-13.41.21:007][  0]LogConsoleResponse:Warning: Skipping Unknown console variable: 'UIScaleCurve = (EditorCurveData=(Keys=),ExternalCurve=None)'
[2015.06.13-13.41.21:007][  0]LogConsoleResponse:Warning:   Found in ini file 'D:/Projects/Unreal Projects/WebSocket_Plugin/Saved/Config/Windows/Engine.ini', in section '[/Script/Engine.RendererSettings]'
[2015.06.13-13.41.21:014][  0]LogInit: Selected Device Profile: [Windows]
[2015.06.13-13.41.21:014][  0]LogInit: Applying CVar settings loaded from the selected device profile: [Windows]
[2015.06.13-13.41.21:039][  0]LogInit: Computer: HAL9000
[2015.06.13-13.41.21:040][  0]LogInit: User: Strauzen
[2015.06.13-13.41.21:040][  0]LogInit: CPU Page size=4096, Cores=4
[2015.06.13-13.41.21:041][  0]LogInit: High frequency timer resolution =3.001594 MHz
[2015.06.13-13.41.21:041][  0]LogMemory: Memory total: Physical=8.0GB (8GB approx)
[2015.06.13-13.41.21:042][  0]LogMemory: Platform Memory Stats for Windows
[2015.06.13-13.41.21:042][  0]LogMemory: Process Physical Memory: 49.18 MB used, 49.18 MB peak
[2015.06.13-13.41.21:042][  0]LogMemory: Process Virtual Memory: 22.45 MB used, 22.45 MB peak
[2015.06.13-13.41.21:043][  0]LogMemory: Physical Memory: 5572.86 MB used, 8183.11 MB total
[2015.06.13-13.41.21:043][  0]LogMemory: Virtual Memory: 290.92 MB used, 134217728.00 MB total
[2015.06.13-13.41.21:508][  0]LogTextLocalizationManager: The requested culture ('nl_NL') has no localization data; falling back to 'en' for localization and internationalization data.
[2015.06.13-13.41.21:822][  0]LogTextLocalizationManager:Warning: Loaded localization resources contain conflicting entries for (Namespace:ContentBrowser, Key:ImportAssetToolTip):
Localization Resource: (C:/Development/Epic Games/4.8/Engine/Content/Localization/Editor/en/Editor.locres) Source String Hash: (-630476809) Localized String: (Import to {0}...)
Localization Resource: (C:/Development/Epic Games/4.8/Engine/Content/Localization/Editor/en/Editor.locres) Source String Hash: (1271782899) Localized String: (Imports an asset from file to this folder.)
[2015.06.13-13.41.22:360][  0]LogD3D11RHI: Found D3D11 adapter 0: NVIDIA GeForce GTX 970 (Feature Level 11_0)
[2015.06.13-13.41.22:360][  0]LogD3D11RHI: Adapter has 3992MB of dedicated video memory, 0MB of dedicated system memory, and 4091MB of shared system memory, 2 output[s]
[2015.06.13-13.41.22:368][  0]LogD3D11RHI: Found D3D11 adapter 1: Microsoft Basic Render Driver (Feature Level 11_0)
[2015.06.13-13.41.22:369][  0]LogD3D11RHI: Adapter has 0MB of dedicated video memory, 0MB of dedicated system memory, and 256MB of shared system memory, 0 output[s]
[2015.06.13-13.41.22:369][  0]LogD3D11RHI: Chosen D3D11 Adapter Id = 0
[2015.06.13-13.41.22:378][  0]LogRHI: Texture pool is 1361 MB (70% of 1945 MB)
[2015.06.13-13.41.22:467][  0]LogD3D11RHI: Async texture creation enabled
[2015.06.13-13.41.22:519][  0]LogShaderCompilers:Display: Using Local Shader Compiler.
[2015.06.13-13.41.24:060][  0]LogTemp:Display: Loaded TP DesktopTargetPlatform
[2015.06.13-13.41.24:104][  0]LogTemp:Display: Loaded TP WindowsClientTargetPlatform
[2015.06.13-13.41.24:146][  0]LogTemp:Display: Loaded TP WindowsNoEditorTargetPlatform
[2015.06.13-13.41.24:189][  0]LogTemp:Display: Loaded TP WindowsServerTargetPlatform
[2015.06.13-13.41.24:236][  0]LogTemp:Display: Loaded TP WindowsTargetPlatform
[2015.06.13-13.41.24:264][  0]LogTemp:Display: Loaded TP AndroidTargetPlatform
[2015.06.13-13.41.24:292][  0]LogTemp:Display: Loaded TP Android_ASTCTargetPlatform
[2015.06.13-13.41.24:319][  0]LogTemp:Display: Loaded TP Android_ATCTargetPlatform
[2015.06.13-13.41.24:347][  0]LogTemp:Display: Loaded TP Android_DXTTargetPlatform
[2015.06.13-13.41.24:376][  0]LogTemp:Display: Loaded TP Android_ETC1TargetPlatform
[2015.06.13-13.41.24:405][  0]LogTemp:Display: Loaded TP Android_ETC2TargetPlatform
[2015.06.13-13.41.24:437][  0]LogTemp:Display: Loaded TP Android_PVRTCTargetPlatform
[2015.06.13-13.41.24:566][  0]LogTemp:Display: Loaded TP IOSTargetPlatform
[2015.06.13-13.41.24:595][  0]LogTemp:Display: Loaded TP LinuxNoEditorTargetPlatform
[2015.06.13-13.41.24:623][  0]LogTemp:Display: Loaded TP LinuxServerTargetPlatform
[2015.06.13-13.41.24:654][  0]LogTemp:Display: Loaded TP LinuxTargetPlatform
[2015.06.13-13.41.24:655][  0]LogTargetPlatformManager:Display: Building Assets For Windows
[2015.06.13-13.41.25:374][  0]LogDerivedDataCache:Display: Max Cache Size: 512 MB
[2015.06.13-13.41.25:661][  0]LogDerivedDataCache: Loaded boot cache 0.29s 53MB C:/Users/Strauzen/AppData/Local/UnrealEngine/4.8/DerivedDataCache/Boot.ddc.
[2015.06.13-13.41.25:662][  0]LogDerivedDataCache:Display: Loaded Boot cache: C:/Users/Strauzen/AppData/Local/UnrealEngine/4.8/DerivedDataCache/Boot.ddc
[2015.06.13-13.41.25:663][  0]LogDerivedDataCache: FDerivedDataBackendGraph:  Pak pak cache file D:/Projects/Unreal Projects/WebSocket_Plugin/DerivedDataCache/DDC.ddp not found, will not use a pak cache.
[2015.06.13-13.41.25:663][  0]LogDerivedDataCache: Unable to find inner node Pak for hierarchical cache Hierarchy.
[2015.06.13-13.41.25:664][  0]LogDerivedDataCache: FDerivedDataBackendGraph:  CompressedPak pak cache file D:/Projects/Unreal Projects/WebSocket_Plugin/DerivedDataCache/Compressed.ddp not found, will not use a pak cache.
[2015.06.13-13.41.25:664][  0]LogDerivedDataCache: Unable to find inner node CompressedPak for hierarchical cache Hierarchy.
[2015.06.13-13.41.25:850][  0]LogDerivedDataCache:Display: Pak cache opened for reading ../../../Engine/DerivedDataCache/Compressed.ddp.
[2015.06.13-13.41.25:864][  0]LogDerivedDataCache: Using Local data cache path C:/Users/Strauzen/AppData/Local/UnrealEngine/Common/DerivedDataCache: Writable
[2015.06.13-13.41.27:304][  0]LogInit: Selected Device Profile: [Windows]
[2015.06.13-13.41.27:507][  0]ImportText (ComponentSweepMultiTests): Missing closing parenthesis: (RootShapeAsset="/Engine/BasicShapes/Cube.Cube",ShapeType="TriggerCapsule",HitResult=(Time=0.50,Location=(X=-100.000015,Y=0.0,Z=100.000015),ImpactPoint=(X=-50.0,Y=0.0,Z=50.0),Normal=(X=-1.0,Y=-0.0,Z=0.0),ImpactNormal=(X=0.0,Y=0.0,Z=1.0),TraceStart=(X=-200.0,Y=0.0,Z=200.0),TraceEnd=(X=0.0,Y=0.0,Z=0.0))
[2015.06.13-13.41.27:509][  0]ImportText (LineTraceSingleByChannelTests): Missing closing parenthesis: (RootShapeAsset="/Engine/BasicShapes/Cube.Cube",HitResult=(Time=0.50,Location=(X=-100.000015,Y=0.0,Z=100.000015),ImpactPoint=(X=-50.0,Y=0.0,Z=50.0),Normal=(X=-1.0,Y=-0.0,Z=0.0),ImpactNormal=(X=0.0,Y=0.0,Z=1.0),TraceStart=(X=-200.0,Y=0.0,Z=200.0),TraceEnd=(X=0.0,Y=0.0,Z=0.0))
[2015.06.13-13.41.27:607][  0]LogMeshUtilities: No automatic mesh reduction module available
[2015.06.13-13.41.27:608][  0]LogMeshUtilities: No automatic mesh merging module available
[2015.06.13-13.41.28:521][  0]LogInit: WinSock: version 1.1 (2.2), MaxSocks=32767, MaxUdp=65467
[2015.06.13-13.41.32:749][  0]UdpMessaging: Initializing bridge on interface 0.0.0.0:0 to multicast group 230.0.0.1:6666.
[2015.06.13-13.41.34:184][  0]SourceControl: Info Source control is disabled
[2015.06.13-13.41.34:186][  0]SourceControl: Info Source control is disabled
[2015.06.13-13.41.34:226][  0]SourceControl: Info Source control is disabled
[2015.06.13-13.41.34:272][  0]SourceControl: Info Source control is disabled
[2015.06.13-13.41.35:050][  0]LogObj: 26366 objects as part of root set at end of initial load.
[2015.06.13-13.41.35:051][  0]LogUObjectAllocator: 5431624 out of 0 bytes used by permanent object pool.
[2015.06.13-13.41.35:285][  0]LogEngine: Initializing Engine...
[2015.06.13-13.41.35:291][  0]LogHMD: Can't find Oculus library dev build: is proper Runtime installed? Version: 0.6.0.0
[2015.06.13-13.41.35:339][  0]LogHMD:Warning: SteamVR failed to initialize.  Error: 110
[2015.06.13-13.41.35:725][  0]LogAIModule: Creating AISystem for world NewWorld
[2015.06.13-13.41.35:768][  0]LogInit: XAudio2 using 'Digital Audio (S/PDIF) (2- High Definition Audio Device)' : 2 channels at 48 kHz using 16 bits per sample (channel mask 0x3)
[2015.06.13-13.41.35:786][  0]LogInit: FAudioDevice initialized.
[2015.06.13-13.41.35:822][  0]LogDerivedDataCache: Saved boot cache 0.04s 53MB C:/Users/Strauzen/AppData/Local/UnrealEngine/4.8/DerivedDataCache/Boot.ddc.
[2015.06.13-13.41.35:843][  0]LogInit: Texture streaming: Disabled
[2015.06.13-13.41.35:916][  0]LogAnalytics: Creating configured Analytics provider AnalyticsET
[2015.06.13-13.41.35:917][  0]LogAnalytics: [UEEditor.Rocket.Release] APIServer = http://et2.epicgames.com/ET2/. AppVersion = 4.8.0-2579680+++depot+UE4-Releases+4.8
[2015.06.13-13.41.35:917][  0]LogAnalytics: [UEEditor.Rocket.Release] SetUserId 02d674644acb8d5c13eb31b552a123b3|2a539c7c7f1745a7ab0b664d7e39bab9|08ba6623-d757-403a-87c0-8eb8de9bb792
[2015.06.13-13.41.35:918][  0]LogAnalytics: [UEEditor.Rocket.Release] AnalyticsET::StartSession
[2015.06.13-13.41.35:977][  0]LogInit: Transaction tracking system initialized
[2015.06.13-13.41.36:381][  0]BlueprintLog: New page: Editor Load
[2015.06.13-13.41.36:453][  0]Lo