[2015.06.13-10.45.57:009][  0]Log file open, 06/13/15 12:45:57
[2015.06.13-10.45.57:009][  0]LogInit:Display: Running engine for game: WebSocket_Plugin
[2015.06.13-10.45.57:009][  0]LogInit:Display: RandInit(1031289694) SRandInit(1031289694).
[2015.06.13-10.45.57:010][  0]LogTaskGraph: Started task graph with 4 named threads and 7 total threads.
[2015.06.13-10.45.57:010][  0]LogStats: Stats thread started
[2015.06.13-10.45.57:010][  0]LogInit: Version: 4.8.0-2579680+++depot+UE4-Releases+4.8
[2015.06.13-10.45.57:011][  0]LogInit: API Version: 2579680
[2015.06.13-10.45.57:011][  0]LogInit: Compiled (64-bit): Jun  8 2015 03:34:53
[2015.06.13-10.45.57:011][  0]LogInit: Compiled with Visual C++: 18.00.21005.01
[2015.06.13-10.45.57:011][  0]LogInit: Build Configuration: Development
[2015.06.13-10.45.57:012][  0]LogInit: Branch Name: ++depot+UE4-Releases+4.8
[2015.06.13-10.45.57:012][  0]LogInit: Command line: 
[2015.06.13-10.45.57:012][  0]LogInit: Base directory: C:/Development/Epic Games/4.8/Engine/Binaries/Win64/
[2015.06.13-10.45.57:012][  0]LogInit: Rocket: 1
[2015.06.13-10.45.57:033][  0]LogInit: Using libcurl 7.41.0
[2015.06.13-10.45.57:034][  0]LogInit:  - built for x86_64-pc-win32
[2015.06.13-10.45.57:034][  0]LogInit:  - supports SSL with WinSSL
[2015.06.13-10.45.57:034][  0]LogInit:  - other features:
[2015.06.13-10.45.57:034][  0]LogInit:      CURL_VERSION_SSL
[2015.06.13-10.45.57:035][  0]LogInit:      CURL_VERSION_IPV6
[2015.06.13-10.45.57:035][  0]LogInit:      CURL_VERSION_ASYNCHDNS
[2015.06.13-10.45.57:035][  0]LogInit:      CURL_VERSION_LARGEFILE
[2015.06.13-10.45.57:035][  0]LogInit:      CURL_VERSION_IDN
[2015.06.13-10.45.57:036][  0]LogInit:  CurlRequestOptions (configurable via config and command line):
[2015.06.13-10.45.57:036][  0]LogInit:  - bVerifyPeer = true  - Libcurl will verify peer certificate
[2015.06.13-10.45.57:036][  0]LogInit:  - bUseHttpProxy = false  - Libcurl will NOT use HTTP proxy
[2015.06.13-10.45.57:037][  0]LogInit:  - bDontReuseConnections = false  - Libcurl will reuse connections
[2015.06.13-10.45.57:037][  0]LogInit:  - CertBundlePath = nullptr  - Libcurl will use whatever was configured at build time.
[2015.06.13-10.45.57:055][  0]LogOnline:Warning: No default platform service specified for OnlineSubsystem
[2015.06.13-10.45.57:144][  0]LogInit: Presizing for 0 objects not considered by GC, pre-allocating 0 bytes.
[2015.06.13-10.45.57:158][  0]LogInit: Object subsystem initialized
[2015.06.13-10.45.57:165][  0]LogConsoleResponse:Warning: Skipping Unknown console variable: 'TranslucentSortAxis = (X=0.000000,Y=-1.000000,Z=0.000000)'
[2015.06.13-10.45.57:166][  0]LogConsoleResponse:Warning:   Found in ini file 'D:/Projects/Unreal Projects/WebSocket_Plugin/Saved/Config/Windows/Engine.ini', in section '[/Script/Engine.RendererSettings]'
[2015.06.13-10.45.57:166][  0]LogConsoleResponse:Warning: Skipping Unknown console variable: 'UIScaleRule = ShortestSide'
[2015.06.13-10.45.57:166][  0]LogConsoleResponse:Warning:   Found in ini file 'D:/Projects/Unreal Projects/WebSocket_Plugin/Saved/Config/Windows/Engine.ini', in section '[/Script/Engine.RendererSettings]'
[2015.06.13-10.45.57:167][  0]LogConsoleResponse:Warning: Skipping Unknown console variable: 'UIScaleCurve = (EditorCurveData=(Keys=),ExternalCurve=None)'
[2015.06.13-10.45.57:167][  0]LogConsoleResponse:Warning:   Found in ini file 'D:/Projects/Unreal Projects/WebSocket_Plugin/Saved/Config/Windows/Engine.ini', in section '[/Script/Engine.RendererSettings]'
[2015.06.13-10.45.57:173][  0]LogInit: Selected Device Profile: [Windows]
[2015.06.13-10.45.57:173][  0]LogInit: Applying CVar settings loaded from the selected device profile: [Windows]
[2015.06.13-10.45.57:240][  0]LogInit: Computer: HAL9000
[2015.06.13-10.45.57:241][  0]LogInit: User: Strauzen
[2015.06.13-10.45.57:241][  0]LogInit: CPU Page size=4096, Cores=4
[2015.06.13-10.45.57:242][  0]LogInit: High frequency timer resolution =3.001594 MHz
[2015.06.13-10.45.57:242][  0]LogMemory: Memory total: Physical=8.0GB (8GB approx)
[2015.06.13-10.45.57:242][  0]LogMemory: Platform Memory Stats for Windows
[2015.06.13-10.45.57:242][  0]LogMemory: Process Physical Memory: 49.12 MB used, 49.12 MB peak
[2015.06.13-10.45.57:243][  0]LogMemory: Process Virtual Memory: 22.45 MB used, 22.45 MB peak
[2015.06.13-10.45.57:243][  0]LogMemory: Physical Memory: 6497.52 MB used, 8183.11 MB total
[2015.06.13-10.45.57:243][  0]LogMemory: Virtual Memory: 290.92 MB used, 134217728.00 MB total
[2015.06.13-10.45.57:449][  0]LogTextLocalizationManager: The requested culture ('nl_NL') has no localization data; falling back to 'en' for localization and internationalization data.
[2015.06.13-10.45.57:720][  0]LogTextLocalizationManager:Warning: Loaded localization resources contain conflicting entries for (Namespace:ContentBrowser, Key:ImportAssetToolTip):
Localization Resource: (C:/Development/Epic Games/4.8/Engine/Content/Localization/Editor/en/Editor.locres) Source String Hash: (-630476809) Localized String: (Import to {0}...)
Localization Resource: (C:/Development/Epic Games/4.8/Engine/Content/Localization/Editor/en/Editor.locres) Source String Hash: (1271782899) Localized String: (Imports an asset from file to this folder.)
[2015.06.13-10.45.58:181][  0]LogD3D11RHI: Found D3D11 adapter 0: NVIDIA GeForce GTX 970 (Feature Level 11_0)
[2015.06.13-10.45.58:181][  0]LogD3D11RHI: Adapter has 3992MB of dedicated video memory, 0MB of dedicated system memory, and 4091MB of shared system memory, 2 output[s]
[2015.06.13-10.45.58:190][  0]LogD3D11RHI: Found D3D11 adapter 1: Microsoft Basic Render Driver (Feature Level 11_0)
[2015.06.13-10.45.58:190][  0]LogD3D11RHI: Adapter has 0MB of dedicated video memory, 0MB of dedicated system memory, and 256MB of shared system memory, 0 output[s]
[2015.06.13-10.45.58:191][  0]LogD3D11RHI: Chosen D3D11 Adapter Id = 0
[2015.06.13-10.45.58:197][  0]LogRHI: Texture pool is 1361 MB (70% of 1945 MB)
[2015.06.13-10.45.58:296][  0]LogD3D11RHI: Async texture creation enabled
[2015.06.13-10.45.58:333][  0]LogShaderCompilers:Display: Using Local Shader Compiler.
[2015.06.13-10.45.59:513][  0]LogTemp:Display: Loaded TP DesktopTargetPlatform
[2015.06.13-10.45.59:559][  0]LogTemp:Display: Loaded TP WindowsClientTargetPlatform
[2015.06.13-10.45.59:601][  0]LogTemp:Display: Loaded TP WindowsNoEditorTargetPlatform
[2015.06.13-10.45.59:645][  0]LogTemp:Display: Loaded TP WindowsServerTargetPlatform
[2015.06.13-10.45.59:688][  0]LogTemp:Display: Loaded TP WindowsTargetPlatform
[2015.06.13-10.45.59:715][  0]LogTemp:Display: Loaded TP AndroidTargetPlatform
[2015.06.13-10.45.59:742][  0]LogTemp:Display: Loaded TP Android_ASTCTargetPlatform
[2015.06.13-10.45.59:772][  0]LogTemp:Display: Loaded TP Android_ATCTargetPlatform
[2015.06.13-10.45.59:799][  0]LogTemp:Display: Loaded TP Android_DXTTargetPlatform
[2015.06.13-10.45.59:827][  0]LogTemp:Display: Loaded TP Android_ETC1TargetPlatform
[2015.06.13-10.45.59:855][  0]LogTemp:Display: Loaded TP Android_ETC2TargetPlatform
[2015.06.13-10.45.59:885][  0]LogTemp:Display: Loaded TP Android_PVRTCTargetPlatform
[2015.06.13-10.46.00:007][  0]LogTemp:Display: Loaded TP IOSTargetPlatform
[2015.06.13-10.46.00:035][  0]LogTemp:Display: Loaded TP LinuxNoEditorTargetPlatform
[2015.06.13-10.46.00:063][  0]LogTemp:Display: Loaded TP LinuxServerTargetPlatform
[2015.06.13-10.46.00:093][  0]LogTemp:Display: Loaded TP LinuxTargetPlatform
[2015.06.13-10.46.00:094][  0]LogTargetPlatformManager:Display: Building Assets For Windows
[2015.06.13-10.46.00:738][  0]LogDerivedDataCache:Display: Max Cache Size: 512 MB
[2015.06.13-10.46.01:006][  0]LogDerivedDataCache: Loaded boot cache 0.27s 53MB C:/Users/Strauzen/AppData/Local/UnrealEngine/4.8/DerivedDataCache/Boot.ddc.
[2015.06.13-10.46.01:007][  0]LogDerivedDataCache:Display: Loaded Boot cache: C:/Users/Strauzen/AppData/Local/UnrealEngine/4.8/DerivedDataCache/Boot.ddc
[2015.06.13-10.46.01:007][  0]LogDerivedDataCache: FDerivedDataBackendGraph:  Pak pak cache file D:/Projects/Unreal Projects/WebSocket_Plugin/DerivedDataCache/DDC.ddp not found, will not use a pak cache.
[2015.06.13-10.46.01:008][  0]LogDerivedDataCache: Unable to find inner node Pak for hierarchical cache Hierarchy.
[2015.06.13-10.46.01:008][  0]LogDerivedDataCache: FDerivedDataBackendGraph:  CompressedPak pak cache file D:/Projects/Unreal Projects/WebSocket_Plugin/DerivedDataCache/Compressed.ddp not found, will not use a pak cache.
[2015.06.13-10.46.01:008][  0]LogDerivedDataCache: Unable to find inner node CompressedPak for hierarchical cache Hierarchy.
[2015.06.13-10.46.01:196][  0]LogDerivedDataCache:Display: Pak cache opened for reading ../../../Engine/DerivedDataCache/Compressed.ddp.
[2015.06.13-10.46.01:210][  0]LogDerivedDataCache: Using Local data cache path C:/Users/Strauzen/AppData/Local/UnrealEngine/Common/DerivedDataCache: Writable
[2015.06.13-10.46.02:120][  0]LogInit: Selected Device Profile: [Windows]
[2015.06.13-10.46.02:243][  0]ImportText (ComponentSweepMultiTests): Missing closing parenthesis: (RootShapeAsset="/Engine/BasicShapes/Cube.Cube",ShapeType="TriggerCapsule",HitResult=(Time=0.50,Location=(X=-100.000015,Y=0.0,Z=100.000015),ImpactPoint=(X=-50.0,Y=0.0,Z=50.0),Normal=(X=-1.0,Y=-0.0,Z=0.0),ImpactNormal=(X=0.0,Y=0.0,Z=1.0),TraceStart=(X=-200.0,Y=0.0,Z=200.0),TraceEnd=(X=0.0,Y=0.0,Z=0.0))
[2015.06.13-10.46.02:244][  0]ImportText (LineTraceSingleByChannelTests): Missing closing parenthesis: (RootShapeAsset="/Engine/BasicShapes/Cube.Cube",HitResult=(Time=0.50,Location=(X=-100.000015,Y=0.0,Z=100.000015),ImpactPoint=(X=-50.0,Y=0.0,Z=50.0),Normal=(X=-1.0,Y=-0.0,Z=0.0),ImpactNormal=(X=0.0,Y=0.0,Z=1.0),TraceStart=(X=-200.0,Y=0.0,Z=200.0),TraceEnd=(X=0.0,Y=0.0,Z=0.0))
[2015.06.13-10.46.02:317][  0]LogMeshUtilities: No automatic mesh reduction module available
[2015.06.13-10.46.02:317][  0]LogMeshUtilities: No automatic mesh merging module available
[2015.06.13-10.46.02:879][  0]LogInit: WinSock: version 1.1 (2.2), MaxSocks=32767, MaxUdp=65467
[2015.06.13-10.46.05:817][  0]UdpMessaging: Initializing bridge on interface 0.0.0.0:0 to multicast group 230.0.0.1:6666.
[2015.06.13-10.46.07:081][  0]SourceControl: Info Source control is disabled
[2015.06.13-10.46.07:083][  0]SourceControl: Info Source control is disabled
[2015.06.13-10.46.07:121][  0]SourceControl: Info Source control is disabled
[2015.06.13-10.46.07:164][  0]SourceControl: Info Source control is disabled
[2015.06.13-10.46.07:877][  0]LogObj: 26364 objects as part of root set at end of initial load.
[2015.06.13-10.46.07:878][  0]LogUObjectAllocator: 5430376 out of 0 bytes used by permanent object pool.
[2015.06.13-10.46.08:071][  0]LogEngine: Initializing Engine...
[2015.06.13-10.46.08:076][  0]LogHMD: Can't find Oculus library dev build: is proper Runtime installed? Version: 0.6.0.0
[2015.06.13-10.46.08:097][  0]LogHMD:Warning: SteamVR failed to initialize.  Error: 110
[2015.06.13-10.46.08:350][  0]LogAIModule: Creating AISystem for world NewWorld
[2015.06.13-10.46.08:384][  0]LogInit: XAudio2 using 'Digital Audio (S/PDIF) (2- High Definition Audio Device)' : 2 channels at 48 kHz using 16 bits per sample (channel mask 0x3)
[2015.06.13-10.46.08:705][  0]LogInit: FAudioDevice initialized.
[2015.06.13-10.46.08:740][  0]LogDerivedDataCache: Saved boot cache 0.03s 53MB C:/Users/Strauzen/AppData/Local/UnrealEngine/4.8/DerivedDataCache/Boot.ddc.
[2015.06.13-10.46.08:761][  0]LogInit: Texture streaming: Disabled
[2015.06.13-10.46.08:825][  0]LogAnalytics: Creating configured Analytics provider AnalyticsET
[2015.06.13-10.46.08:825][  0]LogAnalytics: [UEEditor.Rocket.Release] APIServer = http://et2.epicgames.com/ET2/. AppVersion = 4.8.0-2579680+++depot+UE4-Releases+4.8
[2015.06.13-10.46.08:826][  0]LogAnalytics: [UEEditor.Rocket.Release] SetUserId 02d674644acb8d5c13eb31b552a123b3|2a539c7c7f1745a7ab0b664d7e39bab9|08ba6623-d757-403a-87c0-8eb8de9bb792
[2015.06.13-10.46.08:827][  0]LogAnalytics: [UEEditor.Rocket.Release] AnalyticsET::StartSession
[2015.06.13-10.46.08:890][  0]LogInit: Transaction tracking system initialized
[2015.06.13-10.46.09:289][  0]BlueprintLog: New page: Editor Load
[2015.06.13-10.46.09:359][  0]LogAssetRegistry: FAssetRegistry took 0.0128 seconds to start up
[2015.06.13-10.46.09:360][  0]LogDirectoryWatcher:Warning: Failed to begin reading directory changes for ../../../Engine/Plugins/Experimental/CharacterAI/Content/. Error: 0
[2015.06.13-10.46.11:374][  0]LogLinker:Warning: Asset '../../../Engine/Content/Tutorial/Mobile/InstallingiTunesTutorial.uasset' has been saved with empty engine version. The asset will be loaded but may be incompatible.
[2015.06.13-10.46.11:624][  0]LogConsoleManager:Warning: Console variable 'r.VSync' wasn't set ('GameSetting' has a lower priority than 'SystemSettingsIni')
[2015.06.13-10.46.11:625][  0]LogConsoleResponse:Display: 
[2015.06.13-10.46.11:807][  0]LogCook:Display: Done creating registry. It took  0.00s.
[2015.06.13-10.46.13:103][  0]SourceControl: Info Source control is disabled
[2015.06.13-10.46.13:106][  0]Cmd: MAP LOAD FILE="../../../Engine/Content/Maps/Templates/Template_Default.umap" TEMPLATE=1 SHOWPROGRESS=1 FEATURELEVEL=3
[2015.06.13-10.46.13:109][  0]LightingResults: New page: Lighting Build
[2015.06.13-10.46.13:140][  0]MapCheck: New page: Map Check
[2015.06.13-10.46.13:141][  0]LightingResults: New page: Lighting Build
[2015.06.13-10.46.13:159][  0]LogParticles: Destroying 0 GPU particle simulations for FXSystem 0x000000DDCBC70860
[2015.06.13-10.46.13:739][  0]LogAIModule: Creating AISystem for world Untitled_1
[2015.06.13-10.46.13:786][  0]LogEditorServer: Finished looking for orphan Actors (0.000 secs)
[2015.06.13-10.46.13:807][  0]Cmd: MAP CHECKDEP NOCLEARLOG
[2015.06.13-10.46.13:882][  0]MapCheck: Info Map check complete: 0 Error(s), 0 Warning(s), took 73.986ms to complete.
[2015.06.13-10.46.13:882][  0]LogFileHelpers: Loading map 'Template_Default' took 0.777
[2015.06.13-10.46.14:105][  0]LogCollectionManager: Loaded 0 collections in 0.002544 seconds
[2015.06.13-10.46.14:116][  0]LogContentBrowser: Native class hierarchy populated in 0.0100 seconds. Added 1807 classes and 318 folders.
[2015.06.13-10.46.14:252][  0]LogContentBrowser: Native class hierarchy updated for 'WidgetCarousel' in 0.0014 seconds. Added 0 classes and 0 folders.
[2015.06.13-10.46.14:361][  0]LogContentBrowser: Native class hierarchy updated for 'AddContentDialog' in 0.0014 seconds. Added 0 classes and 0 folders.
[2015.06.13-10.46.14:443][  0]LogContentBrowser: Native class hierarchy updated for 'SceneOutliner' in 0.0015 seconds. Added 1 classes and 2 folders.
[2015.06.13-10.46.14:561][  0]LogCrashTracker: Crashtracker disabled due to settings.
[2015.06.13-10.46.14:575][  0]LogUObjectGlobals:Warning: Failed to find object 'Class None.'
[2015.06.13-10.46.14:602][  0]LogLoad: Full Startup: 20.13 seconds (BP compile: 0.24 seconds)
[2015.06.13-10.46.14:612][  0]LogWindowsTextInputMethodSystem:Display: IME system now deactivated.
[2015.06.13-10.46.14:715][  0]LogContentStreaming: Texture pool size is 0.000000MB
[2015.06.13-10.46.14:786][  0]LogContentStreaming: Texture pool size now 1000 MB
[2015.06.13-10.46.14:940][  0]LogRenderer: Reallocating scene render targets to support 1208x600 (Frame:2).
[2015.06.13-10.46.15:364][  6]LogAssetRegistry: Asset discovery search completed in 6.0179 seconds
[2015.06.13-10.46.41:494][ 48]Running C:/Development/Epic Games/4.8/Engine/Binaries/DotNET/UnrealBuildTool.exe WebSocket_Plugin Win64 Development -editorrecompile "D:/Projects/Unreal Projects/WebSocket_Plugin/WebSocket_Plugin.uproject" -invalidatemakefilesonly -rocket
[2015.06.13-10.46.41:900][ 48]Invalidating makefiles only in this run.
[2015.06.13-10.46.42:043][ 48]Recompiling WebSocket_Plugin...
[2015.06.13-10.46.42:044][ 48]Launching UnrealBuildTool... [C:/Development/Epic Games/4.8/Engine/Binaries/DotNET/UnrealBuildTool.exe WebSocket_Plugin -ModuleWithSuffix WebSocket_Plugin 7036 Win64 Development -editorrecompile -canskiplink "D:/Projects/Unreal Projects/WebSocket_Plugin/WebSocket_Plugin.uproject" -rocket  -rocket]
[2015.06.13-10.48.09:198][ 48]CompilerResultsLog: New page: Compilation - Jun 13, 2015, 2:48:09 PM
[2015.06.13-10.48.09:201][ 48]CompilerResultsLog: Info C