[2015.06.13-10.44.24:096][  0]Log file open, 06/13/15 12:44:24
[2015.06.13-10.44.24:096][  0]LogInit:Display: Running engine for game: WebSocket_Plugin
[2015.06.13-10.44.24:096][  0]LogInit:Display: RandInit(751502006) SRandInit(751502006).
[2015.06.13-10.44.24:098][  0]LogTaskGraph: Started task graph with 4 named threads and 7 total threads.
[2015.06.13-10.44.24:098][  0]LogStats: Stats thread started
[2015.06.13-10.44.24:098][  0]LogInit:Warning: Incompatible or missing module: UE4Editor-WebSocketCpp.dll
[2015.06.13-10.44.29:835][  0]Running C:/Development/Epic Games/4.8/Engine/Binaries/DotNET/UnrealBuildTool.exe WebSocket_Plugin Development Win64 -project="D:/Projects/Unreal Projects/WebSocket_Plugin/WebSocket_Plugin.uproject" -rocket -editorrecompile -progress -noubtmakefiles
[2015.06.13-10.44.33:978][  0]Deleting old hot reload file: "D:\Projects\Unreal Projects\WebSocket_Plugin\Plugins\WebSocketCpp\Binaries\Win64\UE4Editor-WebSocketCpp-1920.dll".
[2015.06.13-10.44.33:978][  0]Deleting old hot reload file: "D:\Projects\Unreal Projects\WebSocket_Plugin\Plugins\WebSocketCpp\Binaries\Win64\UE4Editor-WebSocketCpp-1920.pdb".
[2015.06.13-10.44.33:979][  0]Deleting old hot reload file: "D:\Projects\Unreal Projects\WebSocket_Plugin\Plugins\WebSocketCpp\Binaries\Win64\UE4Editor-WebSocketCpp-2024.dll".
[2015.06.13-10.44.33:980][  0]Deleting old hot reload file: "D:\Projects\Unreal Projects\WebSocket_Plugin\Plugins\WebSocketCpp\Binaries\Win64\UE4Editor-WebSocketCpp-2024.pdb".
[2015.06.13-10.44.33:981][  0]Deleting old hot reload file: "D:\Projects\Unreal Projects\WebSocket_Plugin\Plugins\WebSocketCpp\Binaries\Win64\UE4Editor-WebSocketCpp-3457.dll".
[2015.06.13-10.44.33:981][  0]Deleting old hot reload file: "D:\Projects\Unreal Projects\WebSocket_Plugin\Plugins\WebSocketCpp\Binaries\Win64\UE4Editor-WebSocketCpp-3457.pdb".
[2015.06.13-10.44.34:083][  0]Deleting old hot reload file: "D:\Projects\Unreal Projects\WebSocket_Plugin\Plugins\WebSocketCpp\Binaries\Win64\UE4Editor-WebSocketCpp-4400.dll".
[2015.06.13-10.44.34:083][  0]Deleting old hot reload file: "D:\Projects\Unreal Projects\WebSocket_Plugin\Plugins\WebSocketCpp\Binaries\Win64\UE4Editor-WebSocketCpp-4400.pdb".
[2015.06.13-10.44.34:084][  0]Deleting old hot reload file: "D:\Projects\Unreal Projects\WebSocket_Plugin\Plugins\WebSocketCpp\Binaries\Win64\UE4Editor-WebSocketCpp-519.dll".
[2015.06.13-10.44.34:085][  0]Deleting old hot reload file: "D:\Projects\Unreal Projects\WebSocket_Plugin\Plugins\WebSocketCpp\Binaries\Win64\UE4Editor-WebSocketCpp-519.pdb".
[2015.06.13-10.44.34:086][  0]Deleting old hot reload file: "D:\Projects\Unreal Projects\WebSocket_Plugin\Plugins\WebSocketCpp\Binaries\Win64\UE4Editor-WebSocketCpp-5455.dll".
[2015.06.13-10.44.34:087][  0]Deleting old hot reload file: "D:\Projects\Unreal Projects\WebSocket_Plugin\Plugins\WebSocketCpp\Binaries\Win64\UE4Editor-WebSocketCpp-5455.pdb".
[2015.06.13-10.44.34:088][  0]Deleting old hot reload file: "D:\Projects\Unreal Projects\WebSocket_Plugin\Plugins\WebSocketCpp\Binaries\Win64\UE4Editor-WebSocketCpp-5865.dll".
[2015.06.13-10.44.34:088][  0]Deleting old hot reload file: "D:\Projects\Unreal Projects\WebSocket_Plugin\Plugins\WebSocketCpp\Binaries\Win64\UE4Editor-WebSocketCpp-5865.pdb".
[2015.06.13-10.44.34:089][  0]Deleting old hot reload file: "D:\Projects\Unreal Projects\WebSocket_Plugin\Plugins\WebSocketCpp\Binaries\Win64\UE4Editor-WebSocketCpp-655.dll".
[2015.06.13-10.44.34:089][  0]Deleting old hot reload file: "D:\Projects\Unreal Projects\WebSocket_Plugin\Plugins\WebSocketCpp\Binaries\Win64\UE4Editor-WebSocketCpp-655.pdb".
[2015.06.13-10.44.34:090][  0]Deleting old hot reload file: "D:\Projects\Unreal Projects\WebSocket_Plugin\Plugins\WebSocketCpp\Binaries\Win64\UE4Editor-WebSocketCpp-692.dll".
[2015.06.13-10.44.34:091][  0]Deleting old hot reload file: "D:\Projects\Unreal Projects\WebSocket_Plugin\Plugins\WebSocketCpp\Binaries\Win64\UE4Editor-WebSocketCpp-692.pdb".
[2015.06.13-10.44.34:091][  0]Deleting old hot reload file: "D:\Projects\Unreal Projects\WebSocket_Plugin\Binaries\Win64\UE4Editor-WebSocket_Plugin-2759.dll".
[2015.06.13-10.44.34:128][  0]Unable to delete old hot reload file: "D:\Projects\Unreal Projects\WebSocket_Plugin\Binaries\Win64\UE4Editor-WebSocket_Plugin-2759.dll". Error: D:\Projects\Unreal Projects\WebSocket_Plugin\Binaries\Win64\UE4Editor-WebSocket_Plugin-2759.dll
[2015.06.13-10.44.34:130][  0]Deleting old hot reload file: "D:\Projects\Unreal Projects\WebSocket_Plugin\Binaries\Win64\UE4Editor-WebSocket_Plugin-2759.pdb".
[2015.06.13-10.44.34:130][  0]Deleting old hot reload file: "D:\Projects\Unreal Projects\WebSocket_Plugin\Binaries\Win64\UE4Editor-WebSocket_Plugin-3210.dll".
[2015.06.13-10.44.34:131][  0]Unable to delete old hot reload file: "D:\Projects\Unreal Projects\WebSocket_Plugin\Binaries\Win64\UE4Editor-WebSocket_Plugin-3210.dll". Error: D:\Projects\Unreal Projects\WebSocket_Plugin\Binaries\Win64\UE4Editor-WebSocket_Plugin-3210.dll
[2015.06.13-10.44.34:132][  0]Deleting old hot reload file: "D:\Projects\Unreal Projects\WebSocket_Plugin\Binaries\Win64\UE4Editor-WebSocket_Plugin-3210.pdb".
[2015.06.13-10.44.34:133][  0]Deleting old hot reload file: "D:\Projects\Unreal Projects\WebSocket_Plugin\Binaries\Win64\UE4Editor-WebSocket_Plugin-4067.dll".
[2015.06.13-10.44.34:134][  0]Unable to delete old hot reload file: "D:\Projects\Unreal Projects\WebSocket_Plugin\Binaries\Win64\UE4Editor-WebSocket_Plugin-4067.dll". Error: D:\Projects\Unreal Projects\WebSocket_Plugin\Binaries\Win64\UE4Editor-WebSocket_Plugin-4067.dll
[2015.06.13-10.44.34:135][  0]Deleting old hot reload file: "D:\Projects\Unreal Projects\WebSocket_Plugin\Binaries\Win64\UE4Editor-WebSocket_Plugin-4067.pdb".
[2015.06.13-10.44.34:136][  0]Deleting old hot reload file: "D:\Projects\Unreal Projects\WebSocket_Plugin\Binaries\Win64\UE4Editor-WebSocket_Plugin-4107.dll".
[2015.06.13-10.44.34:136][  0]Unable to delete old hot reload file: "D:\Projects\Unreal Projects\WebSocket_Plugin\Binaries\Win64\UE4Editor-WebSocket_Plugin-4107.dll". Error: D:\Projects\Unreal Projects\WebSocket_Plugin\Binaries\Win64\UE4Editor-WebSocket_Plugin-4107.dll
[2015.06.13-10.44.34:137][  0]Deleting old hot reload file: "D:\Projects\Unreal Projects\WebSocket_Plugin\Binaries\Win64\UE4Editor-WebSocket_Plugin-4107.pdb".
[2015.06.13-10.44.34:138][  0]Deleting old hot reload file: "D:\Projects\Unreal Projects\WebSocket_Plugin\Binaries\Win64\UE4Editor-WebSocket_Plugin-5215.dll".
[2015.06.13-10.44.34:139][  0]Unable to delete old hot reload file: "D:\Projects\Unreal Projects\WebSocket_Plugin\Binaries\Win64\UE4Editor-WebSocket_Plugin-5215.dll". Error: D:\Projects\Unreal Projects\WebSocket_Plugin\Binaries\Win64\UE4Editor-WebSocket_Plugin-5215.dll
[2015.06.13-10.44.34:240][  0]Deleting old hot reload file: "D:\Projects\Unreal Projects\WebSocket_Plugin\Binaries\Win64\UE4Editor-WebSocket_Plugin-5215.pdb".
[2015.06.13-10.44.34:240][  0]Deleting old hot reload file: "D:\Projects\Unreal Projects\WebSocket_Plugin\Binaries\Win64\UE4Editor-WebSocket_Plugin-5540.dll".
[2015.06.13-10.44.34:241][  0]Unable to delete old hot reload file: "D:\Projects\Unreal Projects\WebSocket_Plugin\Binaries\Win64\UE4Editor-WebSocket_Plugin-5540.dll". Error: D:\Projects\Unreal Projects\WebSocket_Plugin\Binaries\Win64\UE4Editor-WebSocket_Plugin-5540.dll
[2015.06.13-10.44.34:242][  0]Deleting old hot reload file: "D:\Projects\Unreal Projects\WebSocket_Plugin\Binaries\Win64\UE4Editor-WebSocket_Plugin-5540.pdb".
[2015.06.13-10.44.34:243][  0]Deleting old hot reload file: "D:\Projects\Unreal Projects\WebSocket_Plugin\Binaries\Win64\UE4Editor-WebSocket_Plugin-5865.dll".
[2015.06.13-10.44.34:243][  0]Unable to delete old hot reload file: "D:\Projects\Unreal Projects\WebSocket_Plugin\Binaries\Win64\UE4Editor-WebSocket_Plugin-5865.dll". Error: D:\Projects\Unreal Projects\WebSocket_Plugin\Binaries\Win64\UE4Editor-WebSocket_Plugin-5865.dll
[2015.06.13-10.44.34:244][  0]Deleting old hot reload file: "D:\Projects\Unreal Projects\WebSocket_Plugin\Binaries\Win64\UE4Editor-WebSocket_Plugin-5865.pdb".
[2015.06.13-10.44.34:245][  0]Deleting old hot reload file: "D:\Projects\Unreal Projects\WebSocket_Plugin\Binaries\Win64\UE4Editor-WebSocket_Plugin-7102.dll".
[2015.06.13-10.44.34:246][  0]Unable to delete old hot reload file: "D:\Projects\Unreal Projects\WebSocket_Plugin\Binaries\Win64\UE4Editor-WebSocket_Plugin-7102.dll". Error: D:\Projects\Unreal Projects\WebSocket_Plugin\Binaries\Win64\UE4Editor-WebSocket_Plugin-7102.dll
[2015.06.13-10.44.34:246][  0]Deleting old hot reload file: "D:\Projects\Unreal Projects\WebSocket_Plugin\Binaries\Win64\UE4Editor-WebSocket_Plugin-7102.pdb".
[2015.06.13-10.44.34:247][  0]Deleting old hot reload file: "D:\Projects\Unreal Projects\WebSocket_Plugin\Binaries\Win64\UE4Editor-WebSocket_Plugin-9938.dll".
[2015.06.13-10.44.34:248][  0]Unable to delete old hot reload file: "D:\Projects\Unreal Projects\WebSocket_Plugin\Binaries\Win64\UE4Editor-WebSocket_Plugin-9938.dll". Error: D:\Projects\Unreal Projects\WebSocket_Plugin\Binaries\Win64\UE4Editor-WebSocket_Plugin-9938.dll
[2015.06.13-10.44.34:249][  0]Deleting old hot reload file: "D:\Projects\Unreal Projects\WebSocket_Plugin\Binaries\Win64\UE4Editor-WebSocket_Plugin-9938.pdb".
[2015.06.13-10.44.35:361][  0]Performing 2 actions (4 in parallel)
[2015.06.13-10.44.35:362][  0][1/2] Link UE4Editor-WebSocketCpp.dll
[2015.06.13-10.44.35:362][  0]   Creating library D:\Projects\Unreal Projects\WebSocket_Plugin\Plugins\WebSocketCpp\Intermediate/Build/Win64\UE4Editor\Development\UE4Editor-WebSocketCpp.lib and object D:\Projects\Unreal Projects\WebSocket_Plugin\Plugins\WebSocketCpp\Intermediate/Build/Win64\UE4Editor\Development\UE4Editor-WebSocketCpp.exp
[2015.06.13-10.44.35:464][  0][2/2] Link UE4Editor-WebSocket_Plugin.dll
[2015.06.13-10.44.35:565][  0]LINK : fatal error LNK1104: cannot open file 'D:\Projects\Unreal Projects\WebSocket_Plugin\Binaries\Win64\UE4Editor-WebSocket_Plugin.dll'
[2015.06.13-10.44.35:767][  0]-------- End Detailed Actions Stats -----------------------------------------------------------
[2015.06.13-10.44.35:767][  0]ERROR: UBT ERROR: Failed to produce item: D:\Projects\Unreal Projects\WebSocket_Plugin\Intermediate\Build\Win64\UE4Editor\Development\UE4Editor-WebSocket_Plugin.exp
[2015.06.13-10.44.35:769][  0]Total build time: 5,67 seconds
[2015.06.13-10.44.41:110][  0]LogExit: Preparing to exit.
[2015.06.13-10.44.41:114][  0]LogModuleManager: Shutting down and abandoning module DesktopPlatform (14)
[2015.06.13-10.44.41:114][  0]LogModuleManager: Shutting down and abandoning module TextureCompressor (13)
[2015.06.13-10.44.41:115][  0]LogModuleManager: Shutting down and abandoning module ShaderCore (12)
[2015.06.13-10.44.41:115][  0]LogModuleManager: Shutting down and abandoning module Landscape (11)
[2015.06.13-10.44.41:116][  0]LogModuleManager: Shutting down and abandoning module SlateRHIRenderer (10)
[2015.06.13-10.44.41:116][  0]LogModuleManager: Shutting down and abandoning module OpenGLDrv (9)
[2015.06.13-10.44.41:117][  0]LogModuleManager: Shutting down and abandoning module D3D11RHI (8)
[2015.06.13-10.44.41:117][  0]LogModuleManager: Shutting down and abandoning module Renderer (7)
[2015.06.13-10.44.41:118][  0]LogModuleManager: Shutting down and abandoning module Engine (6)
[2015.06.13-10.44.41:118][  0]LogModuleManager: Shutting down and abandoning module CoreUObject (5)
[2015.06.13-10.44.41:118][  0]LogModuleManager: Shutting down and abandoning module NetworkFile (4)
[2015.06.13-10.44.41:119][  0]LogModuleManager: Shutting down and abandoning module StreamingFile (3)
[2015.06.13-10.44.41:119][  0]LogModuleManager: Shutting down and abandoning module SandboxFile (2)
[2015.06.13-10.44.41:119][  0]LogModuleManager: Shutting down and abandoning module PakFile (1)
[2015.06.13-10.44.41:121][  0]LogExit: Exiting.
[2015.06.13-10.44.41:122][  0]Log file closed, 06/13/15 12:44:41
