[2015.06.13-15.16.38:822][  0]Log file open, 06/13/15 17:16:38
[2015.06.13-15.16.38:822][  0]LogInit:Display: Running engine for game: WebSocket_Plugin
[2015.06.13-15.16.38:823][  0]LogInit:Display: RandInit(-1758029634) SRandInit(-1758029634).
[2015.06.13-15.16.38:823][  0]LogTaskGraph: Started task graph with 4 named threads and 7 total threads.
[2015.06.13-15.16.38:824][  0]LogStats: Stats thread started
[2015.06.13-15.16.38:824][  0]LogInit: Version: 4.8.0-2579680+++depot+UE4-Releases+4.8
[2015.06.13-15.16.38:824][  0]LogInit: API Version: 2579680
[2015.06.13-15.16.38:824][  0]LogInit: Compiled (64-bit): Jun  8 2015 03:34:53
[2015.06.13-15.16.38:825][  0]LogInit: Compiled with Visual C++: 18.00.21005.01
[2015.06.13-15.16.38:825][  0]LogInit: Build Configuration: Development
[2015.06.13-15.16.38:825][  0]LogInit: Branch Name: ++depot+UE4-Releases+4.8
[2015.06.13-15.16.38:825][  0]LogInit: Command line: 
[2015.06.13-15.16.38:825][  0]LogInit: Base directory: C:/Development/Epic Games/4.8/Engine/Binaries/Win64/
[2015.06.13-15.16.38:826][  0]LogInit: Rocket: 1
[2015.06.13-15.16.38:846][  0]LogInit: Using libcurl 7.41.0
[2015.06.13-15.16.38:846][  0]LogInit:  - built for x86_64-pc-win32
[2015.06.13-15.16.38:847][  0]LogInit:  - supports SSL with WinSSL
[2015.06.13-15.16.38:847][  0]LogInit:  - other features:
[2015.06.13-15.16.38:847][  0]LogInit:      CURL_VERSION_SSL
[2015.06.13-15.16.38:847][  0]LogInit:      CURL_VERSION_IPV6
[2015.06.13-15.16.38:848][  0]LogInit:      CURL_VERSION_ASYNCHDNS
[2015.06.13-15.16.38:848][  0]LogInit:      CURL_VERSION_LARGEFILE
[2015.06.13-15.16.38:848][  0]LogInit:      CURL_VERSION_IDN
[2015.06.13-15.16.38:849][  0]LogInit:  CurlRequestOptions (configurable via config and command line):
[2015.06.13-15.16.38:849][  0]LogInit:  - bVerifyPeer = true  - Libcurl will verify peer certificate
[2015.06.13-15.16.38:849][  0]LogInit:  - bUseHttpProxy = false  - Libcurl will NOT use HTTP proxy
[2015.06.13-15.16.38:850][  0]LogInit:  - bDontReuseConnections = false  - Libcurl will reuse connections
[2015.06.13-15.16.38:850][  0]LogInit:  - CertBundlePath = nullptr  - Libcurl will use whatever was configured at build time.
[2015.06.13-15.16.38:869][  0]LogOnline:Warning: No default platform service specified for OnlineSubsystem
[2015.06.13-15.16.38:958][  0]LogInit: Presizing for 0 objects not considered by GC, pre-allocating 0 bytes.
[2015.06.13-15.16.38:974][  0]LogInit: Object subsystem initialized
[2015.06.13-15.16.38:982][  0]LogConsoleResponse:Warning: Skipping Unknown console variable: 'TranslucentSortAxis = (X=0.000000,Y=-1.000000,Z=0.000000)'
[2015.06.13-15.16.38:983][  0]LogConsoleResponse:Warning:   Found in ini file 'D:/Projects/Unreal Projects/WebSocket_Plugin/Saved/Config/Windows/Engine.ini', in section '[/Script/Engine.RendererSettings]'
[2015.06.13-15.16.38:983][  0]LogConsoleResponse:Warning: Skipping Unknown console variable: 'UIScaleRule = ShortestSide'
[2015.06.13-15.16.38:983][  0]LogConsoleResponse:Warning:   Found in ini file 'D:/Projects/Unreal Projects/WebSocket_Plugin/Saved/Config/Windows/Engine.ini', in section '[/Script/Engine.RendererSettings]'
[2015.06.13-15.16.38:984][  0]LogConsoleResponse:Warning: Skipping Unknown console variable: 'UIScaleCurve = (EditorCurveData=(Keys=),ExternalCurve=None)'
[2015.06.13-15.16.38:984][  0]LogConsoleResponse:Warning:   Found in ini file 'D:/Projects/Unreal Projects/WebSocket_Plugin/Saved/Config/Windows/Engine.ini', in section '[/Script/Engine.RendererSettings]'
[2015.06.13-15.16.38:991][  0]LogInit: Selected Device Profile: [Windows]
[2015.06.13-15.16.38:991][  0]LogInit: Applying CVar settings loaded from the selected device profile: [Windows]
[2015.06.13-15.16.39:004][  0]LogInit: Computer: HAL9000
[2015.06.13-15.16.39:005][  0]LogInit: User: Strauzen
[2015.06.13-15.16.39:005][  0]LogInit: CPU Page size=4096, Cores=4
[2015.06.13-15.16.39:005][  0]LogInit: High frequency timer resolution =3.001594 MHz
[2015.06.13-15.16.39:006][  0]LogMemory: Memory total: Physical=8.0GB (8GB approx)
[2015.06.13-15.16.39:006][  0]LogMemory: Platform Memory Stats for Windows
[2015.06.13-15.16.39:006][  0]LogMemory: Process Physical Memory: 49.17 MB used, 49.17 MB peak
[2015.06.13-15.16.39:006][  0]LogMemory: Process Virtual Memory: 22.45 MB used, 22.45 MB peak
[2015.06.13-15.16.39:007][  0]LogMemory: Physical Memory: 7223.80 MB used, 8183.11 MB total
[2015.06.13-15.16.39:007][  0]LogMemory: Virtual Memory: 290.92 MB used, 134217728.00 MB total
[2015.06.13-15.16.39:202][  0]LogTextLocalizationManager: The requested culture ('nl_NL') has no localization data; falling back to 'en' for localization and internationalization data.
[2015.06.13-15.16.39:484][  0]LogTextLocalizationManager:Warning: Loaded localization resources contain conflicting entries for (Namespace:ContentBrowser, Key:ImportAssetToolTip):
Localization Resource: (C:/Development/Epic Games/4.8/Engine/Content/Localization/Editor/en/Editor.locres) Source String Hash: (-630476809) Localized String: (Import to {0}...)
Localization Resource: (C:/Development/Epic Games/4.8/Engine/Content/Localization/Editor/en/Editor.locres) Source String Hash: (1271782899) Localized String: (Imports an asset from file to this folder.)
[2015.06.13-15.16.39:975][  0]LogD3D11RHI: Found D3D11 adapter 0: NVIDIA GeForce GTX 970 (Feature Level 11_0)
[2015.06.13-15.16.39:975][  0]LogD3D11RHI: Adapter has 3992MB of dedicated video memory, 0MB of dedicated system memory, and 4091MB of shared system memory, 2 output[s]
[2015.06.13-15.16.39:984][  0]LogD3D11RHI: Found D3D11 adapter 1: Microsoft Basic Render Driver (Feature Level 11_0)
[2015.06.13-15.16.39:985][  0]LogD3D11RHI: Adapter has 0MB of dedicated video memory, 0MB of dedicated system memory, and 256MB of shared system memory, 0 output[s]
[2015.06.13-15.16.39:985][  0]LogD3D11RHI: Chosen D3D11 Adapter Id = 0
[2015.06.13-15.16.39:996][  0]LogRHI: Texture pool is 1361 MB (70% of 1945 MB)
[2015.06.13-15.16.40:090][  0]LogD3D11RHI: Async texture creation enabled
[2015.06.13-15.16.40:128][  0]LogShaderCompilers:Display: Using Local Shader Compiler.
[2015.06.13-15.16.41:343][  0]LogTemp:Display: Loaded TP DesktopTargetPlatform
[2015.06.13-15.16.41:385][  0]LogTemp:Display: Loaded TP WindowsClientTargetPlatform
[2015.06.13-15.16.41:426][  0]LogTemp:Display: Loaded TP WindowsNoEditorTargetPlatform
[2015.06.13-15.16.41:467][  0]LogTemp:Display: Loaded TP WindowsServerTargetPlatform
[2015.06.13-15.16.41:521][  0]LogTemp:Display: Loaded TP WindowsTargetPlatform
[2015.06.13-15.16.41:548][  0]LogTemp:Display: Loaded TP AndroidTargetPlatform
[2015.06.13-15.16.41:575][  0]LogTemp:Display: Loaded TP Android_ASTCTargetPlatform
[2015.06.13-15.16.41:602][  0]LogTemp:Display: Loaded TP Android_ATCTargetPlatform
[2015.06.13-15.16.41:629][  0]LogTemp:Display: Loaded TP Android_DXTTargetPlatform
[2015.06.13-15.16.41:657][  0]LogTemp:Display: Loaded TP Android_ETC1TargetPlatform
[2015.06.13-15.16.41:685][  0]LogTemp:Display: Loaded TP Android_ETC2TargetPlatform
[2015.06.13-15.16.41:715][  0]LogTemp:Display: Loaded TP Android_PVRTCTargetPlatform
[2015.06.13-15.16.41:838][  0]LogTemp:Display: Loaded TP IOSTargetPlatform
[2015.06.13-15.16.41:868][  0]LogTemp:Display: Loaded TP LinuxNoEditorTargetPlatform
[2015.06.13-15.16.41:895][  0]LogTemp:Display: Loaded TP LinuxServerTargetPlatform
[2015.06.13-15.16.41:926][  0]LogTemp:Display: Loaded TP LinuxTargetPlatform
[2015.06.13-15.16.41:927][  0]LogTargetPlatformManager:Display: Building Assets For Windows
[2015.06.13-15.16.42:584][  0]LogDerivedDataCache:Display: Max Cache Size: 512 MB
[2015.06.13-15.16.42:858][  0]LogDerivedDataCache: Loaded boot cache 0.27s 53MB C:/Users/Strauzen/AppData/Local/UnrealEngine/4.8/DerivedDataCache/Boot.ddc.
[2015.06.13-15.16.42:858][  0]LogDerivedDataCache:Display: Loaded Boot cache: C:/Users/Strauzen/AppData/Local/UnrealEngine/4.8/DerivedDataCache/Boot.ddc
[2015.06.13-15.16.42:859][  0]LogDerivedDataCache: FDerivedDataBackendGraph:  Pak pak cache file D:/Projects/Unreal Projects/WebSocket_Plugin/DerivedDataCache/DDC.ddp not found, will not use a pak cache.
[2015.06.13-15.16.42:859][  0]LogDerivedDataCache: Unable to find inner node Pak for hierarchical cache Hierarchy.
[2015.06.13-15.16.42:860][  0]LogDerivedDataCache: FDerivedDataBackendGraph:  CompressedPak pak cache file D:/Projects/Unreal Projects/WebSocket_Plugin/DerivedDataCache/Compressed.ddp not found, will not use a pak cache.
[2015.06.13-15.16.42:860][  0]LogDerivedDataCache: Unable to find inner node CompressedPak for hierarchical cache Hierarchy.
[2015.06.13-15.16.43:038][  0]LogDerivedDataCache:Display: Pak cache opened for reading ../../../Engine/DerivedDataCache/Compressed.ddp.
[2015.06.13-15.16.43:052][  0]LogDerivedDataCache: Using Local data cache path C:/Users/Strauzen/AppData/Local/UnrealEngine/Common/DerivedDataCache: Writable
[2015.06.13-15.16.45:356][  0]LogInit: Selected Device Profile: [Windows]
[2015.06.13-15.16.45:562][  0]ImportText (ComponentSweepMultiTests): Missing closing parenthesis: (RootShapeAsset="/Engine/BasicShapes/Cube.Cube",ShapeType="TriggerCapsule",HitResult=(Time=0.50,Location=(X=-100.000015,Y=0.0,Z=100.000015),ImpactPoint=(X=-50.0,Y=0.0,Z=50.0),Normal=(X=-1.0,Y=-0.0,Z=0.0),ImpactNormal=(X=0.0,Y=0.0,Z=1.0),TraceStart=(X=-200.0,Y=0.0,Z=200.0),TraceEnd=(X=0.0,Y=0.0,Z=0.0))
[2015.06.13-15.16.45:563][  0]ImportText (LineTraceSingleByChannelTests): Missing closing parenthesis: (RootShapeAsset="/Engine/BasicShapes/Cube.Cube",HitResult=(Time=0.50,Location=(X=-100.000015,Y=0.0,Z=100.000015),ImpactPoint=(X=-50.0,Y=0.0,Z=50.0),Normal=(X=-1.0,Y=-0.0,Z=0.0),ImpactNormal=(X=0.0,Y=0.0,Z=1.0),TraceStart=(X=-200.0,Y=0.0,Z=200.0),TraceEnd=(X=0.0,Y=0.0,Z=0.0))
[2015.06.13-15.16.45:649][  0]LogMeshUtilities: No automatic mesh reduction module available
[2015.06.13-15.16.45:650][  0]LogMeshUtilities: No automatic mesh merging module available
[2015.06.13-15.16.46:309][  0]LogInit: WinSock: version 1.1 (2.2), MaxSocks=32767, MaxUdp=65467
[2015.06.13-15.16.49:241][  0]UdpMessaging: Initializing bridge on interface 0.0.0.0:0 to multicast group 230.0.0.1:6666.
[2015.06.13-15.16.50:612][  0]SourceControl: Info Source control is disabled
[2015.06.13-15.16.50:614][  0]SourceControl: Info Source control is disabled
[2015.06.13-15.16.50:654][  0]SourceControl: Info Source control is disabled
[2015.06.13-15.16.50:696][  0]SourceControl: Info Source control is disabled
[2015.06.13-15.16.51:590][  0]LogObj: 26366 objects as part of root set at end of initial load.
[2015.06.13-15.16.51:591][  0]LogUObjectAllocator: 5431768 out of 0 bytes used by permanent object pool.
[2015.06.13-15.16.51:807][  0]LogEngine: Initializing Engine...
[2015.06.13-15.16.51:815][  0]LogHMD: Can't find Oculus library dev build: is proper Runtime installed? Version: 0.6.0.0
[2015.06.13-15.16.51:834][  0]LogHMD:Warning: SteamVR failed to initialize.  Error: 110
[2015.06.13-15.16.52:140][  0]LogAIModule: Creating AISystem for world NewWorld
[2015.06.13-15.16.52:189][  0]LogInit: XAudio2 using 'Digital Audio (S/PDIF) (2- High Definition Audio Device)' : 2 channels at 48 kHz using 16 bits per sample (channel mask 0x3)
[2015.06.13-15.16.52:210][  0]LogInit: FAudioDevice initialized.
[2015.06.13-15.16.52:244][  0]LogDerivedDataCache: Saved boot cache 0.03s 53MB C:/Users/Strauzen/AppData/Local/UnrealEngine/4.8/DerivedDataCache/Boot.ddc.
[2015.06.13-15.16.52:461][  0]LogInit: Texture streaming: Disabled
[2015.06.13-15.16.52:530][  0]LogAnalytics: Creating configured Analytics provider AnalyticsET
[2015.06.13-15.16.52:530][  0]LogAnalytics: [UEEditor.Rocket.Release] APIServer = http://et2.epicgames.com/ET2/. AppVersion = 4.8.0-2579680+++depot+UE4-Releases+4.8
[2015.06.13-15.16.52:531][  0]LogAnalytics: [UEEditor.Rocket.Release] SetUserId 02d674644acb8d5c13eb31b552a123b3|2a539c7c7f1745a7ab0b664d7e39bab9|08ba6623-d757-403a-87c0-8eb8de9bb792
[2015.06.13-15.16.52:532][  0]LogAnalytics: [UEEditor.Rocket.Release] AnalyticsET::StartSession
[2015.06.13-15.16.52:594][  0]LogInit: Transaction tracking system initialized
[2015.06.13-15.16.53:121][  0]BlueprintLog: New page: Editor Load
[2015.06.13-15.16.53:195][  0]LogAssetRegistry: FAssetRegistry took 0.0140 seconds to start up
[2015.06.13-15.16.53:197][  0]LogDirectoryWatcher:Warning: Failed to begin reading directory changes for ../../../Engine/Plugins/Experimental/CharacterAI/Content/. Error: 0
[2015.06.13-15.16.55:740][  0]LogLinker:Warning: Asset '../../../Engine/Content/Tutorial/Mobile/InstallingiTunesTutorial.uasset' has been saved with empty engine version. The asset will be loaded but may be incompatible.
[2015.06.13-15.16.55:991][  0]LogConsoleManager:Warning: Console variable 'r.VSync' wasn't set ('GameSetting' has a lower priority than 'SystemSettingsIni')
[2015.06.13-15.16.55:992][  0]LogConsoleResponse:Display: 
[2015.06.13-15.16.56:184][  0]LogCook:Display: Done creating registry. It took  0.00s.
[2015.06.13-15.16.58:147][  0]SourceControl: Info Source control is disabled
[2015.06.13-15.16.58:149][  0]Cmd: MAP LOAD FILE="../../../Engine/Content/Maps/Templates/Template_Default.umap" TEMPLATE=1 SHOWPROGRESS=1 FEATURELEVEL=3
[2015.06.13-15.16.58:153][  0]LightingResults: New page: Lighting Build
[2015.06.13-15.16.58:184][  0]MapCheck: New page: Map Check
[2015.06.13-15.16.58:185][  0]LightingResults: New page: Lighting Build
[2015.06.13-15.16.58:214][  0]LogParticles: Destroying 0 GPU particle simulations for FXSystem 0x000000077B33C860
[2015.06.13-15.16.58:786][  0]LogAIModule: Creating AISystem for world Untitled_1
[2015.06.13-15.16.58:835][  0]LogEditorServer: Finished looking for orphan Actors (0.000 secs)
[2015.06.13-15.16.58:858][  0]Cmd: MAP CHECKDEP NOCLEARLOG
[2015.06.13-15.16.58:914][  0]MapCheck: Info Map check complete: 0 Error(s), 0 Warning(s), took 56.142ms to complete.
[2015.06.13-15.16.58:915][  0]LogFileHelpers: Loading map 'Template_Default' took 0.767
[2015.06.13-15.16.59:200][  0]LogCollectionManager: Loaded 0 collections in 0.002751 seconds
[2015.06.13-15.16.59:216][  0]LogContentBrowser: Native class hierarchy populated in 0.0148 seconds. Added 1808 classes and 318 folders.
[2015.06.13-15.16.59:389][  0]LogContentBrowser: Native class hierarchy updated for 'WidgetCarousel' in 0.0023 seconds. Added 0 classes and 0 folders.
[2015.06.13-15.16.59:539][  0]LogContentBrowser: Native class hierarchy updated for 'AddContentDialog' in 0.0033 seconds. Added 0 classes and 0 folders.
[2015.06.13-15.16.59:641][  0]LogContentBrowser: Native class hierarchy updated for 'SceneOutliner' in 0.0030 seconds. Added 1 classes and 2 folders.
[2015.06.13-15.16.59:764][  0]LogCrashTracker: Crashtracker disabled due to settings.
[2015.06.13-15.16.59:790][  0]LogUObjectGlobals:Warning: Failed to find object 'Class None.'
[2015.06.13-15.16.59:819][  0]LogLoad: Full Startup: 24.25 seconds (BP compile: 0.29 seconds)
[2015.06.13-15.16.59:828][  0]LogWindowsTextInputMethodSystem:Display: IME system now deactivated.
[2015.06.13-15.16.59:932][  0]LogContentStreaming: Texture pool size is 0.000000MB
[2015.06.13-15.16.59:978][  0]LogContentStreaming: Texture pool size now 1000 MB
[2015.06.13-15.17.00:156][  0]LogRenderer: Reallocating scene render targets to support 1208x600 (Frame:2).
[2015.06.13-15.17.00:520][  6]LogAssetRegistry: Asset discovery search completed in 7.3380 seconds
[2015.06.13-15.17.25:885][ 22]LogWindowsTextInputMethodSystem:Display: IME system now deactivated.
[2015.06.13-15.17.26:192][ 23]Cmd: QUIT_EDITOR
[2015.06.13-15.17.26:482][ 23]LogExit: Preparing to exit.
[2015.06.13-15.17.27:052][ 23]LogExit: Editor shut down
[2015.06.13-15.17.27:054][ 23]LogExit: Transaction tracking system shut down
[2015.06.13-15.17.27:055][ 23]LogParticles: Destroying 0 GPU particle simulations for FXSystem 0x000000076EEBF240
[2015.06.13-15.17.27:055][ 23]LogParticles: Destroying 0 GPU particle simulations for FXSystem 0x00000007773BB240
[2015.06.13-15.17.27:236][ 23]LogExit: Object subsystem successfully closed.
[2015.06.13-15.17.27:459][ 23]LogModuleManager: Shutting down and abandoning module CrashTracker (196)
[2015.06.13-15.17.27:460][ 23]LogModuleManager: Shutting down and abandoning module SceneOutliner (195)
[2015.06.13-15.17.27:460][ 23]LogModuleManager: Shutting down and abandoning module SuperSearch (194)
[2015.06.13-15.17.27:460][ 23]LogModuleManager: Shutting down and abandoning module WidgetCarousel (193)
[2015.06.13-15.17.27:461][ 23]LogModuleManager: Shutting down and abandoning module AddContentDialog (192)
[2015.06.13-15.17.27:463][ 23]LogModuleManager: Shutting down and abandoning module EditorWidgets (191)
[2015.06.13-15.17.27:463][ 23]LogModuleManager: Shutting down and abandoning module CollectionManager (190)
[2015.06.13-15.17.27:464][ 23]LogModuleManager: Shutting down and abandoning module StatsViewer (189)
[2015.06.13-15.17.27:465][ 23]LogModuleManager: Shutting down and abandoning module FoliageEdit (188)
[2015.06.13-15.17.27:466][ 23]LogModuleManager: Shutting down and abandoning module LandscapeEditor (187)
[2015.06.13-15.17.27:467][ 23]LogModuleManager: Shutting down and abandoning module ActorPickerMode (186)
[2015.06.13-15.17.27:467][ 23]LogModuleManager: Shutting down and abandoning module GeometryMode (185)
[2015.06.13-15.17.27:468][ 23]LogModuleManager: Shutting down and abandoning module TextureAlignMode (184)
[2015.06.13-15.17.27:468][ 23]LogModuleManager: Shutting down and abandoning module BspMode (183)
[2015.06.13-15.17.27:468][ 23]LogModuleManager: Shutting down and abandoning module PlacementMode (182)
[2015.06.13-15.17.27:469][ 23]LogModuleManager: Shutting down and abandoning module AutomationWorker (181)
[2015.06.13-15.17.27:469][ 23]LogModuleManager: Shutting down and abandoning module CharacterAI (180)
[2015.06.13-15.17.27:469][ 23]LogModuleManager: Shutting down and abandoning module PluginCreator (179)
[2015.06.13-15.17.27:470][ 23]LogModuleManager: Shutting down and abandoning module SmartSnapping (178)
[2015.06.13-15.17.27:470][ 23]LogModuleManager: Shutting down and abandoning module ViewportSnapping (177)
[2015.06.13-15.17.27:471][ 23]LogModuleManager: Shutting down and abandoning module LogVisualizer (176)
[2015.06.13-15.17.27:472][ 23]LogModuleManager: Shutting down and abandoning module GameProjectGeneration (175)
[2015.06.13-15.17.27:473][ 23]LogModuleManager: Shutting down and abandoning module IntroTutorials (174)
[2015.06.13-15.17.27:475][ 23]LogModuleManager: Shutting down and abandoning module EditorLiveStreaming (173)
[2015.06.13-15.17.27:475][ 23]LogModuleManager: Shutting down and abandoning module IOSPlatformEditor (172)
[2015.06.13-15.17.27:476][ 23]LogModuleManager: Shutting down and abandoning module HTML5PlatformEditor (171)
[2015.06.13-15.17.27:476][ 23]LogModuleManager: Shutting down and abandoning module AndroidDeviceDetection (170)
[2015.06.13-15.17.28:166][ 23]LogModuleManager: Shutting down and abandoning module AndroidPlatformEditor (169)
[2015.06.13-15.17.28:166][ 23]LogModuleManager: Shutting down and abandoning module IOSRuntimeSettings (168)
[2015.06.13-15.17.28:167][ 23]LogModuleManager: Shutting down and abandoning module AndroidRuntimeSettings (167)
[2015.06.13-15.17.28:167][ 23]LogModuleManager: Shutting down and abandoning module MergeActors (166)
[2015.06.13-15.17.28:168][ 23]LogModuleManager: Shutting down and abandoning module SizeMap (165)
[2015.06.13-15.17.28:168][ 23]LogModuleManager: Shutting down and abandoning module TreeMap (164)
[2015.06.13-15.17.28:169][ 23]LogModuleManager: Shutting down and abandoning module ReferenceViewer (163)
[2015.06.13-15.17.28:169][ 23]LogModuleManager: Shutting down and abandoning module LocalizationDashboard (162)
[2015.06.13-15.17.28:170][ 23]LogModuleManager: Shutting down and abandoning module HardwareTargeting (161)
[2015.06.13-15.17.28:170][ 23]LogModuleManager: Shutting down and abandoning module DeviceProfileEditor (160)
[2015.06.13-15.17.28:171][ 23]LogModuleManager: Shutting down and abandoning module UndoHistory (159)
[2015.06.13-15.17.28:171][ 23]LogModuleManager: Shutting down and abandoning module GameplayTagsEditor (158)
[2015.06.13-15.17.28:172][ 23]LogModuleManager: Shutting down and abandoning module UserFeedback (157)
[2015.06.13-15.17.28:172][ 23]LogModuleManager: Shutting down and abandoning module XmlParser (156)
[2015.06.13-15.17.28:172][ 23]LogModuleManager: Shutting down and abandoning module Blutility (155)
[2015.06.13-15.17.28:173][ 23]LogModuleManager: Shutting down and abandoning module ProjectTargetPlatformEditor (154)
[2015.06.13-15.17.28:173][ 23]LogModuleManager: Shutting down and abandoning module ProjectSettingsViewer (153)
[2015.06.13-15.17.28:173][ 23]LogModuleManager: Shutting down and abandoning module InputBindingEditor (152)
[2015.06.13-15.17.28:174][ 23]LogModuleManager: Shutting down and abandoning module EditorSettingsViewer (151)
[2015.06.13-15.17.28:174][ 23]LogModuleManager: Shutting down and abandoning module SettingsEditor (150)
[2015.06.13-15.17.28:175][ 23]LogModuleManager: Shutting down and abandoning module ProjectLauncher (149)
[2015.06.13-15.17.28:176][ 23]LogModuleManager: Shutting down and abandoning module SessionFrontend (148)
[2015.06.13-15.17.28:177][ 23]LogModuleManager: Shutting down and abandoning module ProfilerClient (147)
[2015.06.13-15.17.28:177][ 23]LogModuleManager: Shutting down and abandoning module TargetDeviceServices (146)
[2015.06.13-15.17.28:178][ 23]LogModuleManager: Shutting down and abandoning module DeviceManager (145)
[2015.06.13-15.17.28:178][ 23]LogModuleManager: Shutting down and abandoning module AutomationController (144)
[2015.06.13-15.17.28:179][ 23]LogModuleManager: Shutting down and abandoning module AutomationWindow (143)
[2015.06.13-15.17.28:179][ 23]LogModuleManager: Shutting down and abandoning module Layers (142)
[2015.06.13-15.17.28:181][ 23]LogModuleManager: Shutting down and abandoning module ComponentVisualizers (141)
[2015.06.13-15.17.28:182][ 23]LogModuleManager: Shutting down and abandoning module DetailCustomizations (140)
[2015.06.13-15.17.28:183][ 23]LogModuleManager: Shutting down and abandoning module PackagesDialog (139)
[2015.06.13-15.17.28:185][ 23]LogModuleManager: Shutting down and abandoning module AssetRegistry (138)
[2015.06.13-15.17.28:299][ 23]LogModuleManager: Shutting down and abandoning module Persona (137)
[2015.06.13-15.17.28:302][ 23]LogModuleManager: Shutting down and abandoning module Kismet (136)
[2015.06.13-15.17.28:303][ 23]LogModuleManager: Shutting down and abandoning module GraphEditor (135)
[2015.06.13-15.17.28:306][ 23]LogModuleManager: Shutting down and abandoning module ClassViewer (134)
[2015.06.13-15.17.28:307][ 23]LogModuleManager: Shutting down and abandoning module Toolbox (133)
[2015.06.13-15.17.28:307][ 23]LogModuleManager: Shutting down and abandoning module ModuleUI (132)
[2015.06.13-15.17.28:308][ 23]LogModuleManager: Shutting down and abandoning module MovieSceneTools (131)
[2015.06.13-15.17.28:310][ 23]LogModuleManager: Shutting down and abandoning module OutputLog (130)
[2015.06.13-15.17.28:310][ 23]LogModuleManager: Shutting down and abandoning module GammaUI (129)
[2015.06.13-15.17.28:311][ 23]LogModuleManager: Shutting down and abandoning module Documentation (128)
[2015.06.13-15.17.28:311][ 23]LogModuleManager: Shutting down and abandoning module GameLiveStreaming (127)
[2015.06.13-15.17.28:312][ 23]LogModuleManager: Shutting down and abandoning module StreamingPauseRendering (126)
[2015.06.13-15.17.28:312][ 23]LogModuleManager: Shutting down and abandoning module AnalyticsET (125)
[2015.06.13-15.17.28:313][ 23]LogModuleManager: Shutting down and abandoning module Analytics (124)
[2015.06.13-15.17.28:313][ 23]LogModuleManager: Shutting down and abandoning module AITestSuite (123)
[2015.06.13-15.17.28:313][ 23]LogModuleManager: Shutting down and abandoning module GameplayDebugger (122)
[2015.06.13-15.17.28:314][ 23]LogModuleManager: Shutting down and abandoning module AIModule (121)
[2015.06.13-15.17.28:314][ 23]LogModuleManager: Shutting down and abandoning module ProfilerService (120)
[2015.06.13-15.17.28:501][ 23]LogModuleManager: Shutting down and abandoning module TaskGraph (119)
[2015.06.13-15.17.28:502][ 23]LogModuleManager: Shutting down and abandoning module WebSocketCpp (118)
[2015.06.13-15.17.28:502][ 23]LogModuleManager: Shutting down and abandoning module SlateRemote (117)
[2015.06.13-15.17.28:503][ 23]LogModuleManager: Shutting down and abandoning module ScriptEditorPlugin (116)
[2015.06.13-15.17.28:503][ 23]LogModuleManager: Shutting down and abandoning module WebBrowserWidget (115)
[2015.06.13-15.17.28:503][ 23]LogModuleManager: Shutting down and abandoning module SteamVRController (114)
[2015.06.13-15.17.28:504][ 23]LogModuleManager: Shutting down and abandoning module SteamVR (113)
[2015.06.13-15.17.28:504][ 23]LogModuleManager: Shutting down and abandoning module ProceduralMeshComponent (112)
[2015.06.13-15.17.28:504][ 23]LogModuleManager: Shutting down and abandoning module OculusRift (111)
[2015.06.13-15.17.28:504][ 23]LogModuleManager: Shutting down and abandoning module LeapMotionController (110)
[2015.06.13-15.17.28:524][ 23]LogModuleManager: Shutting down and abandoning module CustomMeshComponent (109)
[2015.06.13-15.17.28:524][ 23]LogModuleManager: Shutting down and abandoning module CableComponent (108)
[2015.06.13-15.17.28:524][ 23]LogModuleManager: Shutting down and abandoning module MessagingDebugger (107)
[2015.06.13-15.17.28:526][ 23]LogModuleManager: Shutting down and abandoning module MediaPlayerEditor (106)
[2015.06.13-15.17.28:528][ 23]LogModuleManager: Shutting down and abandoning module CodeView (105)
[2015.06.13-15.17.28:530][ 23]LogModuleManager: Shutting down and abandoning module CodeEditor (104)
[2015.06.13-15.17.28:530][ 23]LogModuleManager: Shutting down and abandoning module SpeedTreeImporter (103)
[2015.06.13-15.17.28:530][ 23]LogModuleManager: Shutting down and abandoning module PluginBrowser (102)
[2015.06.13-15.17.28:531][ 23]LogModuleManager: Shutting down and abandoning module EpicSurvey (101)
[2015.06.13-15.17.28:531][ 23]LogModuleManager: Shutting down and abandoning module DesktopPlatform (100)
[2015.06.13-15.17.28:533][ 23]LogModuleManager: Shutting down and abandoning module VisualStudioSourceCodeAccess (99)
[2015.06.13-15.17.28:533][ 23]LogModuleManager: Shutting down and abandoning module UObjectPlugin (98)
[2015.06.13-15.17.28:534][ 23]LogModuleManager: Shutting down and abandoning module SubversionSourceControl (97)
[2015.06.13-15.17.28:535][ 23]LogModuleManager: Shutting down and abandoning module PerforceSourceControl (96)
[2015.06.13-15.17.28:536][ 23]LogModuleManager: Shutting down and abandoning module SourceControl (95)
[2015.06.13-15.17.28:537][ 23]LogModuleManager: Shutting down and abandoning module GitSourceControl (94)
[2015.06.13-15.17.28:538][ 23]LogModuleManager: Shutting down and abandoning module BlankPlugin (93)
[2015.06.13-15.17.28:538][ 23]LogModuleManager: Shutting down and abandoning module PaperTiledImporter (92)
[2015.06.13-15.17.28:538][ 23]LogModuleManager: Shutting down and abandoning module PaperSpriteSheetImporter (91)
[2015.06.13-15.17.28:539][ 23]LogModuleManager: Shutting down and abandoning module MeshPaint (90)
[2015.06.13-15.17.28:539][ 23]LogModuleManager: Shutting down and abandoning module SlateReflector (89)
[2015.06.13-15.17.28:541][ 23]LogModuleManager: Shutting down and abandoning module DirectoryWatcher (88)
[2015.06.13-15.17.28:542][ 23]LogModuleManager: Shutting down and abandoning module HotReload (87)
[2015.06.13-15.17.28:543][ 23]LogModuleManager: Shutting down and abandoning module MainFrame (86)
[2015.06.13-15.17.28:543][ 23]LogModuleManager: Shutting down and abandoning module LevelEditor (85)
[2015.06.13-15.17.28:545][ 23]LogModuleManager: Shutting down and abandoning module ContentBrowser (84)
[2015.06.13-15.17.28:546][ 23]LogModuleManager: Shutting down and abandoning module Paper2DEditor (83)
[2015.06.13-15.17.28:548][ 23]LogModuleManager: Shutting down and abandoning module WebSocket_Plugin (82)
[2015.06.13-15.17.28:548][ 23]LogModuleManager: Shutting down and abandoning module ScriptPlugin (81)
[2015.06.13-15.17.28:548][ 23]LogModuleManager: Shutting down and abandoning module UdpMessaging (80)
[2015.06.13-15.17.28:650][ 23]LogModuleManager: Shutting down and abandoning module Paper2D (79)
[2015.06.13-15.17.28:651][ 23]LogModuleManager: Shutting down and abandoning module WindowsMoviePlayer (78)
[2015.06.13-15.17.28:655][ 23]LogModuleManager: Shutting down and abandoning module Media (77)
[2015.06.13-15.17.28:655][ 23]LogModuleManager: Shutting down and abandoning module WmfMedia (76)
[2015.06.13-15.17.28:657][ 23]LogModuleManager: Shutting down and abandoning module OnlineBlueprintSupport (75)
[2015.06.13-15.17.28:657][ 23]LogModuleManager: Shutting down and abandoning module PropertyEditor (74)
[2015.06.13-15.17.28:658][ 23]LogModuleManager: Shutting down and abandoning module BehaviorTreeEditor (73)
[2015.06.13-15.17.28:660][ 23]LogModuleManager: Shutting down and abandoning module FunctionalTesting (72)
[2015.06.13-15.17.28:660][ 23]LogModuleManager: Shutting down and abandoning module CollisionAnalyzer (71)
[2015.06.13-15.17.28:662][ 23]LogModuleManager: Shutting down and abandoning module WorkspaceMenuStructure (70)
[2015.06.13-15.17.28:662][ 23]LogModuleManager: Shutting down and abandoning module MessageLog (69)
[2015.06.13-15.17.28:663][ 23]LogModuleManager: Shutting down and abandoning module Sequencer (68)
[2015.06.13-15.17.28:665][ 23]LogModuleManager: Shutting down and abandoning module AssetTools (67)
[2015.06.13-15.17.28:667][ 23]LogModuleManager: Shutting down and abandoning module UMGEditor (66)
[2015.06.13-15.17.28:669][ 23]LogModuleManager: Shutting down and abandoning module UMG (65)
[2015.06.13-15.17.28:670][ 23]LogModuleManager: Shutting down and abandoning module Slate (64)
[2015.06.13-15.17.28:670][ 23]LogModuleManager: Shutting down and abandoning module EditorStyle (63)
[2015.06.13-15.17.28:674][ 23]LogModuleManager: Shutting down and abandoning module SessionServices (62)
[2015.06.13-15.17.28:674][ 23]LogModuleManager: Shutting down and abandoning module SourceCodeAccess (61)
[2015.06.13-15.17.28:675][ 23]LogModuleManager: Shutting down and abandoning module HeadMountedDisplay (60)
[2015.06.13-15.17.28:675][ 23]LogModuleManager: Shutting down and abandoning module XAudio2 (59)
[2015.06.13-15.17.28:675][ 23]LogModuleManager: Shutting down and abandoning module Networking (57)
[2015.06.13-15.17.28:676][ 23]LogModuleManager: Shutting down and abandoning module Core (56)
[2015.06.13-15.17.28:676][ 23]LogModuleManager: Shutting down and abandoning module KismetCompiler (55)
[2015.06.13-15.17.28:676][ 23]LogModuleManager: Shutting down and abandoning module PhysXFormats (54)
[2015.06.13-15.17.28:677][ 23]LogModuleManager: Shutting down and abandoning module MeshUtilities (53)
[2015.06.13-15.17.28:678][ 23]LogModuleManager: Shutting down and abandoning module DerivedDataCache (52)
[2015.06.13-15.17.28:770][ 23]LogDerivedDataCache: Shutdown
[2015.06.13-15.17.28:770][ 23]LogModuleManager: Shutting down and abandoning module ShaderFormatOpenGL (51)
[2015.06.13-15.17.28:771][ 23]LogModuleManager: Shutting down and abandoning module ShaderFormatD3D (50)
[2015.06.13-15.17.28:771][ 23]LogModuleManager: Shutting down and abandoning module MetalShaderFormat (49)
[2015.06.13-15.17.28:772][ 23]LogModuleManager: Shutting down and abandoning module TextureFormatUncompressed (48)
[2015.06.13-15.17.28:772][ 23]LogModuleManager: Shutting down and abandoning module TextureFormatPVR (47)
[2015.06.13-15.17.28:773][ 23]LogModuleManager: Shutting down and abandoning module TextureFormatIntelISPCTexComp (46)
[2015.06.13-15.17.28:773][ 23]LogModuleManager: Shutting down and abandoning module TextureFormatDXT (45)
[2015.06.13-15.17.28:774][ 23]LogModuleManager: Shutting down and abandoning module ImageWrapper (44)
[2015.06.13-15.17.28:774][ 23]LogModuleManager: Shutting down and abandoning module TextureFormatASTC (43)
[2015.06.13-15.17.28:774][ 23]LogModuleManager: Shutting down and abandoning module TextureFormatAndroid (42)
[2015.06.13-15.17.28:774][ 23]LogModuleManager: Shutting down and abandoning module AudioFormatOpus (41)
[2015.06.13-15.17.28:775][ 23]LogModuleManager: Shutting down and abandoning module AudioFormatOgg (40)
[2015.06.13-15.17.28:775][ 23]LogModuleManager: Shutting down and abandoning module AudioFormatADPCM (39)
[2015.06.13-15.17.28:776][ 23]LogModuleManager: Shutting down and abandoning module LinuxTargetPlatform (38)
[2015.06.13-15.17.28:776][ 23]LogModuleManager: Shutting down and abandoning module LinuxServerTargetPlatform (37)
[2015.06.13-15.17.28:777][ 23]LogModuleManager: Shutting down and abandoning module LinuxNoEditorTargetPlatform (36)
[2015.06.13-15.17.28:777][ 23]LogModuleManager: Shutting down and abandoning module Messaging (35)
[2015.06.13-15.17.28:777][ 23]LogModuleManager: Shutting down and abandoning module IOSTargetPlatform (34)
[2015.06.13-15.17.28:778][ 23]LogModuleManager: Shutting down and abandoning module HTML5TargetPlatform (33)
[2015.06.13-15.17.28:778][ 23]LogModuleManager: Shutting down and abandoning module Android_PVRTCTargetPlatform (32)
[2015.06.13-15.17.28:778][ 23]LogModuleManager: Shutting down and abandoning module Android_ETC2TargetPlatform (31)
[2015.06.13-15.17.28:778][ 23]LogModuleManager: Shutting down and abandoning module Android_ETC1TargetPlatform (30)
[2015.06.13-15.17.28:779][ 23]LogModuleManager: Shutting down and abandoning module Android_DXTTargetPlatform (29)
[2015.06.13-15.17.28:779][ 23]LogModuleManager: Shutting down and abandoning module Android_ATCTargetPlatform (28)
[2015.06.13-15.17.28:779][ 23]LogModuleManager: Shutting down and abandoning module Android_ASTCTargetPlatform (27)
[2015.06.13-15.17.28:779][ 23]LogModuleManager: Shutting down and abandoning module AndroidTargetPlatform (26)
[2015.06.13-15.17.28:779][ 23]LogModuleManager: Shutting down and abandoning module WindowsTargetPlatform (25)
[2015.06.13-15.17.28:780][ 23]LogModuleManager: Shutting down and abandoning module WindowsServerTargetPlatform (24)
[2015.06.13-15.17.28:780][ 23]LogModuleManager: Shutting down and abandoning module WindowsNoEditorTargetPlatform (23)
[2015.06.13-15.17.28:780][ 23]LogModuleManager: Shutting down and abandoning module WindowsClientTargetPlatform (22)
[2015.06.13-15.17.28:780][ 23]LogModuleManager: Shutting down and abandoning module DesktopTargetPlatform (21)
[2015.06.13-15.17.28:781][ 23]LogModuleManager: Shutting down and abandoning module TargetPlatform (20)
[2015.06.13-15.17.28:781][ 23]LogModuleManager: Shutting down and abandoning module InputCore (19)
[2015.06.13-15.17.28:781][ 23]LogModuleManager: Shutting down and abandoning module Settings (18)
[2015.06.13-15.17.28:781][ 23]LogModuleManager: Shutting down and abandoning module OnlineSubsystem (16)
[2015.06.13-15.17.28:781][ 23]LogModuleManager: Shutting down and abandoning module HTTP (15)
[2015.06.13-15.17.28:782][ 23]LogModuleManager: Shutting down and abandoning module ExampleDeviceProfileSelector (14)
[2015.06.13-15.17.28:783][ 23]LogModuleManager: Shutting down and abandoning module TextureCompressor (13)
[2015.06.13-15.17.28:783][ 23]LogModuleManager: Shutting down and abandoning module ShaderCore (12)
[2015.06.13-15.17.28:784][ 23]LogModuleManager: Shutting down and abandoning module Landscape (11)
[2015.06.13-15.17.28:784][ 23]LogModuleManager: Shutting down and abandoning module SlateRHIRenderer (10)
[2015.06.13-15.17.28:787][ 23]LogModuleManager: Shutting down and abandoning module OpenGLDrv (9)
[2015.06.13-15.17.28:787][ 23]LogModuleManager: Shutting down and abandoning module D3D11RHI (8)
[2015.06.13-15.17.28:788][ 23]LogModuleManager: Shutting down and abandoning module Renderer (7)
[2015.06.13-15.17.28:788][ 23]LogModuleManager: Shutting down and abandoning module Engine (6)
[2015.06.13-15.17.28:788][ 23]LogModuleManager: Shutting down and abandoning module CoreUObject (5)
[2015.06.13-15.17.28:788][ 23]LogModuleManager: Shutting down and abandoning module NetworkFile (4)
[2015.06.13-15.17.28:789][ 23]LogModuleManager: Shutting down and abandoning module StreamingFile (3)
[2015.06.13-15.17.28:789][ 23]LogModuleManager: Shutting down and abandoning module SandboxFile (2)
[2015.06.13-15.17.28:790][ 23]LogModuleManager: Shutting down and abandoning module PakFile (1)
[2015.06.13-15.17.28:793][ 23]LogExit: Exiting.
[2015.06.13-15.17.28:806][ 23]Log file closed, 06/13/15 17:17:28
