[2015.06.13-07.48.26:993][  0]Log file open, 06/13/15 09:48:26
[2015.06.13-07.48.26:993][  0]LogInit:Display: Running engine for game: WebSocket_Plugin
[2015.06.13-07.48.26:993][  0]LogInit:Display: RandInit(-871474594) SRandInit(-871474593).
[2015.06.13-07.48.26:993][  0]LogTaskGraph: Started task graph with 4 named threads and 7 total threads.
[2015.06.13-07.48.26:993][  0]LogStats: Stats thread started
[2015.06.13-07.48.26:993][  0]LogInit: Version: 4.8.0-2579680+++depot+UE4-Releases+4.8
[2015.06.13-07.48.26:993][  0]LogInit: API Version: 2579680
[2015.06.13-07.48.26:993][  0]LogInit: Compiled (64-bit): Jun  8 2015 03:34:53
[2015.06.13-07.48.26:993][  0]LogInit: Compiled with Visual C++: 18.00.21005.01
[2015.06.13-07.48.26:993][  0]LogInit: Build Configuration: Development
[2015.06.13-07.48.26:993][  0]LogInit: Branch Name: ++depot+UE4-Releases+4.8
[2015.06.13-07.48.26:993][  0]LogInit: Command line: 
[2015.06.13-07.48.26:993][  0]LogInit: Base directory: C:/Development/Epic Games/4.8/Engine/Binaries/Win64/
[2015.06.13-07.48.26:993][  0]LogInit: Rocket: 1
[2015.06.13-07.48.27:007][  0]LogInit: Using libcurl 7.41.0
[2015.06.13-07.48.27:007][  0]LogInit:  - built for x86_64-pc-win32
[2015.06.13-07.48.27:007][  0]LogInit:  - supports SSL with WinSSL
[2015.06.13-07.48.27:007][  0]LogInit:  - other features:
[2015.06.13-07.48.27:007][  0]LogInit:      CURL_VERSION_SSL
[2015.06.13-07.48.27:007][  0]LogInit:      CURL_VERSION_IPV6
[2015.06.13-07.48.27:007][  0]LogInit:      CURL_VERSION_ASYNCHDNS
[2015.06.13-07.48.27:007][  0]LogInit:      CURL_VERSION_LARGEFILE
[2015.06.13-07.48.27:007][  0]LogInit:      CURL_VERSION_IDN
[2015.06.13-07.48.27:008][  0]LogInit:  CurlRequestOptions (configurable via config and command line):
[2015.06.13-07.48.27:008][  0]LogInit:  - bVerifyPeer = true  - Libcurl will verify peer certificate
[2015.06.13-07.48.27:008][  0]LogInit:  - bUseHttpProxy = false  - Libcurl will NOT use HTTP proxy
[2015.06.13-07.48.27:008][  0]LogInit:  - bDontReuseConnections = false  - Libcurl will reuse connections
[2015.06.13-07.48.27:008][  0]LogInit:  - CertBundlePath = nullptr  - Libcurl will use whatever was configured at build time.
[2015.06.13-07.48.27:022][  0]LogOnline:Warning: No default platform service specified for OnlineSubsystem
[2015.06.13-07.48.27:038][  0]LogInit: Presizing for 0 objects not considered by GC, pre-allocating 0 bytes.
[2015.06.13-07.48.27:046][  0]LogInit: Object subsystem initialized
[2015.06.13-07.48.27:047][  0]LogConsoleResponse:Warning: Skipping Unknown console variable: 'TranslucentSortAxis = (X=0.000000,Y=-1.000000,Z=0.000000)'
[2015.06.13-07.48.27:047][  0]LogConsoleResponse:Warning:   Found in ini file 'D:/Projects/Unreal Projects/WebSocket_Plugin/Saved/Config/Windows/Engine.ini', in section '[/Script/Engine.RendererSettings]'
[2015.06.13-07.48.27:047][  0]LogConsoleResponse:Warning: Skipping Unknown console variable: 'UIScaleRule = ShortestSide'
[2015.06.13-07.48.27:048][  0]LogConsoleResponse:Warning:   Found in ini file 'D:/Projects/Unreal Projects/WebSocket_Plugin/Saved/Config/Windows/Engine.ini', in section '[/Script/Engine.RendererSettings]'
[2015.06.13-07.48.27:048][  0]LogConsoleResponse:Warning: Skipping Unknown console variable: 'UIScaleCurve = (EditorCurveData=(Keys=),ExternalCurve=None)'
[2015.06.13-07.48.27:048][  0]LogConsoleResponse:Warning:   Found in ini file 'D:/Projects/Unreal Projects/WebSocket_Plugin/Saved/Config/Windows/Engine.ini', in section '[/Script/Engine.RendererSettings]'
[2015.06.13-07.48.27:048][  0]LogInit: Selected Device Profile: [Windows]
[2015.06.13-07.48.27:048][  0]LogInit: Applying CVar settings loaded from the selected device profile: [Windows]
[2015.06.13-07.48.27:057][  0]LogInit: Computer: HAL9000
[2015.06.13-07.48.27:057][  0]LogInit: User: Strauzen
[2015.06.13-07.48.27:057][  0]LogInit: CPU Page size=4096, Cores=4
[2015.06.13-07.48.27:057][  0]LogInit: High frequency timer resolution =3.001594 MHz
[2015.06.13-07.48.27:057][  0]LogMemory: Memory total: Physical=8.0GB (8GB approx)
[2015.06.13-07.48.27:057][  0]LogMemory: Platform Memory Stats for Windows
[2015.06.13-07.48.27:057][  0]LogMemory: Process Physical Memory: 47.94 MB used, 47.94 MB peak
[2015.06.13-07.48.27:057][  0]LogMemory: Process Virtual Memory: 24.43 MB used, 24.43 MB peak
[2015.06.13-07.48.27:057][  0]LogMemory: Physical Memory: 4705.73 MB used, 8183.11 MB total
[2015.06.13-07.48.27:057][  0]LogMemory: Virtual Memory: 293.96 MB used, 134217728.00 MB total
[2015.06.13-07.48.27:098][  0]LogTextLocalizationManager: The requested culture ('nl_NL') has no localization data; falling back to 'en' for localization and internationalization data.
[2015.06.13-07.48.27:363][  0]LogTextLocalizationManager:Warning: Loaded localization resources contain conflicting entries for (Namespace:ContentBrowser, Key:ImportAssetToolTip):
Localization Resource: (C:/Development/Epic Games/4.8/Engine/Content/Localization/Editor/en/Editor.locres) Source String Hash: (-630476809) Localized String: (Import to {0}...)
Localization Resource: (C:/Development/Epic Games/4.8/Engine/Content/Localization/Editor/en/Editor.locres) Source String Hash: (1271782899) Localized String: (Imports an asset from file to this folder.)
[2015.06.13-07.48.27:893][  0]LogD3D11RHI: Found D3D11 adapter 0: NVIDIA GeForce GTX 970 (Feature Level 11_0)
[2015.06.13-07.48.27:893][  0]LogD3D11RHI: Adapter has 3992MB of dedicated video memory, 0MB of dedicated system memory, and 4091MB of shared system memory, 2 output[s]
[2015.06.13-07.48.27:894][  0]LogD3D11RHI: Found D3D11 adapter 1: Microsoft Basic Render Driver (Feature Level 11_0)
[2015.06.13-07.48.27:894][  0]LogD3D11RHI: Adapter has 0MB of dedicated video memory, 0MB of dedicated system memory, and 256MB of shared system memory, 0 output[s]
[2015.06.13-07.48.27:894][  0]LogD3D11RHI: Chosen D3D11 Adapter Id = 0
[2015.06.13-07.48.27:898][  0]LogRHI: Texture pool is 1361 MB (70% of 1945 MB)
[2015.06.13-07.48.27:907][  0]LogD3D11RHI: Async texture creation enabled
[2015.06.13-07.48.27:925][  0]LogShaderCompilers:Display: Using Local Shader Compiler.
[2015.06.13-07.48.28:972][  0]LogTemp:Display: Loaded TP DesktopTargetPlatform
[2015.06.13-07.48.28:989][  0]LogTemp:Display: Loaded TP WindowsClientTargetPlatform
[2015.06.13-07.48.29:007][  0]LogTemp:Display: Loaded TP WindowsNoEditorTargetPlatform
[2015.06.13-07.48.29:024][  0]LogTemp:Display: Loaded TP WindowsServerTargetPlatform
[2015.06.13-07.48.29:044][  0]LogTemp:Display: Loaded TP WindowsTargetPlatform
[2015.06.13-07.48.29:059][  0]LogTemp:Display: Loaded TP AndroidTargetPlatform
[2015.06.13-07.48.29:074][  0]LogTemp:Display: Loaded TP Android_ASTCTargetPlatform
[2015.06.13-07.48.29:091][  0]LogTemp:Display: Loaded TP Android_ATCTargetPlatform
[2015.06.13-07.48.29:106][  0]LogTemp:Display: Loaded TP Android_DXTTargetPlatform
[2015.06.13-07.48.29:121][  0]LogTemp:Display: Loaded TP Android_ETC1TargetPlatform
[2015.06.13-07.48.29:137][  0]LogTemp:Display: Loaded TP Android_ETC2TargetPlatform
[2015.06.13-07.48.29:152][  0]LogTemp:Display: Loaded TP Android_PVRTCTargetPlatform
[2015.06.13-07.48.29:208][  0]LogTemp:Display: Loaded TP IOSTargetPlatform
[2015.06.13-07.48.29:222][  0]LogTemp:Display: Loaded TP LinuxNoEditorTargetPlatform
[2015.06.13-07.48.29:236][  0]LogTemp:Display: Loaded TP LinuxServerTargetPlatform
[2015.06.13-07.48.29:253][  0]LogTemp:Display: Loaded TP LinuxTargetPlatform
[2015.06.13-07.48.29:253][  0]LogTargetPlatformManager:Display: Building Assets For Windows
[2015.06.13-07.48.29:524][  0]LogDerivedDataCache:Display: Max Cache Size: 512 MB
[2015.06.13-07.48.29:589][  0]LogDerivedDataCache: Loaded boot cache 0.06s 53MB C:/Users/Strauzen/AppData/Local/UnrealEngine/4.8/DerivedDataCache/Boot.ddc.
[2015.06.13-07.48.29:589][  0]LogDerivedDataCache:Display: Loaded Boot cache: C:/Users/Strauzen/AppData/Local/UnrealEngine/4.8/DerivedDataCache/Boot.ddc
[2015.06.13-07.48.29:589][  0]LogDerivedDataCache: FDerivedDataBackendGraph:  Pak pak cache file D:/Projects/Unreal Projects/WebSocket_Plugin/DerivedDataCache/DDC.ddp not found, will not use a pak cache.
[2015.06.13-07.48.29:589][  0]LogDerivedDataCache: Unable to find inner node Pak for hierarchical cache Hierarchy.
[2015.06.13-07.48.29:589][  0]LogDerivedDataCache: FDerivedDataBackendGraph:  CompressedPak pak cache file D:/Projects/Unreal Projects/WebSocket_Plugin/DerivedDataCache/Compressed.ddp not found, will not use a pak cache.
[2015.06.13-07.48.29:589][  0]LogDerivedDataCache: Unable to find inner node CompressedPak for hierarchical cache Hierarchy.
[2015.06.13-07.48.29:761][  0]LogDerivedDataCache:Display: Pak cache opened for reading ../../../Engine/DerivedDataCache/Compressed.ddp.
[2015.06.13-07.48.29:773][  0]LogDerivedDataCache: Using Local data cache path C:/Users/Strauzen/AppData/Local/UnrealEngine/Common/DerivedDataCache: Writable
[2015.06.13-07.48.30:043][  0]LogInit: Selected Device Profile: [Windows]
[2015.06.13-07.48.30:144][  0]ImportText (ComponentSweepMultiTests): Missing closing parenthesis: (RootShapeAsset="/Engine/BasicShapes/Cube.Cube",ShapeType="TriggerCapsule",HitResult=(Time=0.50,Location=(X=-100.000015,Y=0.0,Z=100.000015),ImpactPoint=(X=-50.0,Y=0.0,Z=50.0),Normal=(X=-1.0,Y=-0.0,Z=0.0),ImpactNormal=(X=0.0,Y=0.0,Z=1.0),TraceStart=(X=-200.0,Y=0.0,Z=200.0),TraceEnd=(X=0.0,Y=0.0,Z=0.0))
[2015.06.13-07.48.30:144][  0]ImportText (LineTraceSingleByChannelTests): Missing closing parenthesis: (RootShapeAsset="/Engine/BasicShapes/Cube.Cube",HitResult=(Time=0.50,Location=(X=-100.000015,Y=0.0,Z=100.000015),ImpactPoint=(X=-50.0,Y=0.0,Z=50.0),Normal=(X=-1.0,Y=-0.0,Z=0.0),ImpactNormal=(X=0.0,Y=0.0,Z=1.0),TraceStart=(X=-200.0,Y=0.0,Z=200.0),TraceEnd=(X=0.0,Y=0.0,Z=0.0))
[2015.06.13-07.48.30:177][  0]LogMeshUtilities: No automatic mesh reduction module available
[2015.06.13-07.48.30:177][  0]LogMeshUtilities: No automatic mesh merging module available
[2015.06.13-07.48.30:543][  0]LogInit: WinSock: version 1.1 (2.2), MaxSocks=32767, MaxUdp=65467
[2015.06.13-07.48.31:740][  0]UdpMessaging: Initializing bridge on interface 0.0.0.0:0 to multicast group 230.0.0.1:6666.
[2015.06.13-07.48.32:184][  0]SourceControl: Info Source control is disabled
[2015.06.13-07.48.32:185][  0]SourceControl: Info Source control is disabled
[2015.06.13-07.48.32:197][  0]SourceControl: Info Source control is disabled
[2015.06.13-07.48.32:208][  0]SourceControl: Info Source control is disabled
[2015.06.13-07.48.32:567][  0]LogObj: 26364 objects as part of root set at end of initial load.
[2015.06.13-07.48.32:567][  0]LogUObjectAllocator: 5430368 out of 0 bytes used by permanent object pool.
[2015.06.13-07.48.32:655][  0]LogEngine: Initializing Engine...
[2015.06.13-07.48.32:657][  0]LogHMD: Can't find Oculus library dev build: is proper Runtime installed? Version: 0.6.0.0
[2015.06.13-07.48.32:659][  0]LogHMD:Warning: SteamVR failed to initialize.  Error: 110
[2015.06.13-07.48.32:847][  0]LogAIModule: Creating AISystem for world NewWorld
[2015.06.13-07.48.32:862][  0]LogInit: XAudio2 using 'Digital Audio (S/PDIF) (2- High Definition Audio Device)' : 2 channels at 48 kHz using 16 bits per sample (channel mask 0x3)
[2015.06.13-07.48.32:876][  0]LogInit: FAudioDevice initialized.
[2015.06.13-07.48.32:907][  0]LogDerivedDataCache: Saved boot cache 0.03s 53MB C:/Users/Strauzen/AppData/Local/UnrealEngine/4.8/DerivedDataCache/Boot.ddc.
[2015.06.13-07.48.32:918][  0]LogInit: Texture streaming: Disabled
[2015.06.13-07.48.32:946][  0]LogAnalytics: Creating configured Analytics provider AnalyticsET
[2015.06.13-07.48.32:946][  0]LogAnalytics: [UEEditor.Rocket.Release] APIServer = http://et2.epicgames.com/ET2/. AppVersion = 4.8.0-2579680+++depot+UE4-Releases+4.8
[2015.06.13-07.48.32:946][  0]LogAnalytics: [UEEditor.Rocket.Release] SetUserId 02d674644acb8d5c13eb31b552a123b3|2a539c7c7f1745a7ab0b664d7e39bab9|08ba6623-d757-403a-87c0-8eb8de9bb792
[2015.06.13-07.48.32:946][  0]LogAnalytics: [UEEditor.Rocket.Release] AnalyticsET::StartSession
[2015.06.13-07.48.32:975][  0]LogInit: Transaction tracking system initialized
[2015.06.13-07.48.33:134][  0]BlueprintLog: New page: Editor Load
[2015.06.13-07.48.33:173][  0]LogAssetRegistry: FAssetRegistry took 0.0108 seconds to start up
[2015.06.13-07.48.33:174][  0]LogDirectoryWatcher:Warning: Failed to begin reading directory changes for ../../../Engine/Plugins/Experimental/CharacterAI/Content/. Error: 0
[2015.06.13-07.48.33:920][  0]LogLinker:Warning: Asset '../../../Engine/Content/Tutorial/Mobile/InstallingiTunesTutorial.uasset' has been saved with empty engine version. The asset will be loaded but may be incompatible.
[2015.06.13-07.48.34:018][  0]LogConsoleManager:Warning: Console variable 'r.VSync' wasn't set ('GameSetting' has a lower priority than 'SystemSettingsIni')
[2015.06.13-07.48.34:018][  0]LogConsoleResponse:Display: 
[2015.06.13-07.48.34:132][  0]LogCook:Display: Done creating registry. It took  0.00s.
[2015.06.13-07.48.35:025][  0]SourceControl: Info Source control is disabled
[2015.06.13-07.48.35:026][  0]Cmd: MAP LOAD FILE="../../../Engine/Content/Maps/Templates/Template_Default.umap" TEMPLATE=1 SHOWPROGRESS=1 FEATURELEVEL=3
[2015.06.13-07.48.35:026][  0]LightingResults: New page: Lighting Build
[2015.06.13-07.48.35:041][  0]MapCheck: New page: Map Check
[2015.06.13-07.48.35:041][  0]LightingResults: New page: Lighting Build
[2015.06.13-07.48.35:053][  0]LogParticles: Destroying 0 GPU particle simulations for FXSystem 0x0000002C5D4C4860
[2015.06.13-07.48.35:544][  0]LogAIModule: Creating AISystem for world Untitled_1
[2015.06.13-07.48.35:551][  0]LogEditorServer: Finished looking for orphan Actors (0.000 secs)
[2015.06.13-07.48.35:565][  0]Cmd: MAP CHECKDEP NOCLEARLOG
[2015.06.13-07.48.35:614][  0]MapCheck: Info Map check complete: 0 Error(s), 0 Warning(s), took 48.549ms to complete.
[2015.06.13-07.48.35:614][  0]LogFileHelpers: Loading map 'Template_Default' took 0.588
[2015.06.13-07.48.35:763][  0]LogCollectionManager: Loaded 0 collections in 0.002111 seconds
[2015.06.13-07.48.35:772][  0]LogContentBrowser: Native class hierarchy populated in 0.0092 seconds. Added 1807 classes and 318 folders.
[2015.06.13-07.48.35:832][  0]LogContentBrowser: Native class hierarchy updated for 'WidgetCarousel' in 0.0011 seconds. Added 0 classes and 0 folders.
[2015.06.13-07.48.35:863][  0]LogContentBrowser: Native class hierarchy updated for 'AddContentDialog' in 0.0012 seconds. Added 0 classes and 0 folders.
[2015.06.13-07.48.35:882][  0]LogContentBrowser: Native class hierarchy updated for 'SceneOutliner' in 0.0011 seconds. Added 1 classes and 2 folders.
[2015.06.13-07.48.35:918][  0]LogCrashTracker: Crashtracker disabled due to settings.
[2015.06.13-07.48.35:927][  0]LogWindowsTextInputMethodSystem:Display: IME system now deactivated.
[2015.06.13-07.48.35:929][  0]LogDirectoryWatcher:Warning: Failed to begin reading directory changes for D:/Projects/Unreal Projects/WebSocket_Plugin/Plugins/. Error: 0
[2015.06.13-07.48.35:934][  0]LogUObjectGlobals:Warning: Failed to find object 'Class None.'
[2015.06.13-07.48.35:956][  0]LogLoad: Full Startup: 11.59 seconds (BP compile: 0.20 seconds)
[2015.06.13-07.48.36:026][  0]LogContentStreaming: Texture pool size is 0.000000MB
[2015.06.13-07.48.36:054][  0]LogContentStreaming: Texture pool size now 1000 MB
[2015.06.13-07.48.36:204][  0]LogRenderer: Reallocating scene render targets to support 1208x600 (Frame:2).
[2015.06.13-07.48.36:486][  6]LogAssetRegistry: Asset discovery search completed in 3.3238 seconds
[2015.06.13-07.49.01:763][962]LogWindowsTextInputMethodSystem:Display: IME system now deactivated.
[2015.06.13-07.49.02:028][963]Cmd: QUIT_EDITOR
[2015.06.13-07.49.02:320][963]LogExit: Preparing to exit.
[2015.06.13-07.49.02:789][963]LogExit: Editor shut down
[2015.06.13-07.49.02:790][963]LogExit: Transaction tracking system shut down
[2015.06.13-07.49.02:791][963]LogParticles: Destroying 0 GPU particle simulations for FXSystem 0x0000002C56AC3600
[2015.06.13-07.49.02:791][963]LogParticles: Destroying 0 GPU particle simulations for FXSystem 0x0000002C5F04FBA0
[2015.06.13-07.49.02:927][963]LogExit: Object subsystem successfully closed.
[2015.06.13-07.49.03:000][963]LogModuleManager: Shutting down and abandoning module CrashTracker (195)
[2015.06.13-07.49.03:000][963]LogModuleManager: Shutting down and abandoning module SceneOutliner (194)
[2015.06.13-07.49.03:000][963]LogModuleManager: Shutting down and abandoning module SuperSearch (193)
[2015.06.13-07.49.03:000][963]LogModuleManager: Shutting down and abandoning module WidgetCarousel (192)
[2015.06.13-07.49.03:000][963]LogModuleManager: Shutting down and abandoning module AddContentDialog (191)
[2015.06.13-07.49.03:001][963]LogModuleManager: Shutting down and abandoning module EditorWidgets (190)
[2015.06.13-07.49.03:001][963]LogModuleManager: Shutting down and abandoning module CollectionManager (189)
[2015.06.13-07.49.03:001][963]LogModuleManager: Shutting down and abandoning module StatsViewer (188)
[2015.06.13-07.49.03:001][963]LogModuleManager: Shutting down and abandoning module FoliageEdit (187)
[2015.06.13-07.49.03:001][963]LogModuleManager: Shutting down and abandoning module LandscapeEditor (186)
[2015.06.13-07.49.03:001][963]LogModuleManager: Shutting down and abandoning module ActorPickerMode (185)
[2015.06.13-07.49.03:001][963]LogModuleManager: Shutting down and abandoning module GeometryMode (184)
[2015.06.13-07.49.03:001][963]LogModuleManager: Shutting down and abandoning module TextureAlignMode (183)
[2015.06.13-07.49.03:001][963]LogModuleManager: Shutting down and abandoning module BspMode (182)
[2015.06.13-07.49.03:001][963]LogModuleManager: Shutting down and abandoning module PlacementMode (181)
[2015.06.13-07.49.03:001][963]LogModuleManager: Shutting down and abandoning module AutomationWorker (180)
[2015.06.13-07.49.03:001][963]LogModuleManager: Shutting down and abandoning module CharacterAI (179)
[2015.06.13-07.49.03:001][963]LogModuleManager: Shutting down and abandoning module PluginCreator (178)
[2015.06.13-07.49.03:001][963]LogModuleManager: Shutting down and abandoning module SmartSnapping (177)
[2015.06.13-07.49.03:001][963]LogModuleManager: Shutting down and abandoning module ViewportSnapping (176)
[2015.06.13-07.49.03:001][963]LogModuleManager: Shutting down and abandoning module LogVisualizer (175)
[2015.06.13-07.49.03:001][963]LogModuleManager: Shutting down and abandoning module GameProjectGeneration (174)
[2015.06.13-07.49.03:001][963]LogModuleManager: Shutting down and abandoning module IntroTutorials (173)
[2015.06.13-07.49.03:001][963]LogModuleManager: Shutting down and abandoning module EditorLiveStreaming (172)
[2015.06.13-07.49.03:001][963]LogModuleManager: Shutting down and abandoning module IOSPlatformEditor (171)
[2015.06.13-07.49.03:001][963]LogModuleManager: Shutting down and abandoning module HTML5PlatformEditor (170)
[2015.06.13-07.49.03:001][963]LogModuleManager: Shutting down and abandoning module AndroidDeviceDetection (169)
[2015.06.13-07.49.03:740][963]LogModuleManager: Shutting down and abandoning module AndroidPlatformEditor (168)
[2015.06.13-07.49.03:740][963]LogModuleManager: Shutting down and abandoning module IOSRuntimeSettings (167)
[2015.06.13-07.49.03:740][963]LogModuleManager: Shutting down and abandoning module AndroidRuntimeSettings (166)
[2015.06.13-07.49.03:740][963]LogModuleManager: Shutting down and abandoning module MergeActors (165)
[2015.06.13-07.49.03:740][963]LogModuleManager: Shutting down and abandoning module SizeMap (164)
[2015.06.13-07.49.03:740][963]LogModuleManager: Shutting down and abandoning module TreeMap (163)
[2015.06.13-07.49.03:740][963]LogModuleManager: Shutting down and abandoning module ReferenceViewer (162)
[2015.06.13-07.49.03:740][963]LogModuleManager: Shutting down and abandoning module LocalizationDashboard (161)
[2015.06.13-07.49.03:740][963]LogModuleManager: Shutting down and abandoning module HardwareTargeting (160)
[2015.06.13-07.49.03:740][963]LogModuleManager: Shutting down and abandoning module DeviceProfileEditor (159)
[2015.06.13-07.49.03:740][963]LogModuleManager: Shutting down and abandoning module UndoHistory (158)
[2015.06.13-07.49.03:740][963]LogModuleManager: Shutting down and abandoning module GameplayTagsEditor (157)
[2015.06.13-07.49.03:740][963]LogModuleManager: Shutting down and abandoning module UserFeedback (156)
[2015.06.13-07.49.03:740][963]LogModuleManager: Shutting down and abandoning module XmlParser (155)
[2015.06.13-07.49.03:740][963]LogModuleManager: Shutting down and abandoning module Blutility (154)
[2015.06.13-07.49.03:740][963]LogModuleManager: Shutting down and abandoning module ProjectTargetPlatformEditor (153)
[2015.06.13-07.49.03:740][963]LogModuleManager: Shutting down and abandoning module ProjectSettingsViewer (152)
[2015.06.13-07.49.03:740][963]LogModuleManager: Shutting down and abandoning module InputBindingEditor (151)
[2015.06.13-07.49.03:741][963]LogModuleManager: Shutting down and abandoning module EditorSettingsViewer (150)
[2015.06.13-07.49.03:741][963]LogModuleManager: Shutting down and abandoning module SettingsEditor (149)
[2015.06.13-07.49.03:741][963]LogModuleManager: Shutting down and abandoning module ProjectLauncher (148)
[2015.06.13-07.49.03:741][963]LogModuleManager: Shutting down and abandoning module SessionFrontend (147)
[2015.06.13-07.49.03:741][963]LogModuleManager: Shutting down and abandoning module ProfilerClient (146)
[2015.06.13-07.49.03:741][963]LogModuleManager: Shutting down and abandoning module TargetDeviceServices (145)
[2015.06.13-07.49.03:741][963]LogModuleManager: Shutting down and abandoning module DeviceManager (144)
[2015.06.13-07.49.03:741][963]LogModuleManager: Shutting down and abandoning module AutomationController (143)
[2015.06.13-07.49.03:741][963]LogModuleManager: Shutting down and abandoning module AutomationWindow (142)
[2015.06.13-07.49.03:741][963]LogModuleManager: Shutting down and abandoning module Layers (141)
[2015.06.13-07.49.03:741][963]LogModuleManager: Shutting down and abandoning module ComponentVisualizers (140)
[2015.06.13-07.49.03:741][963]LogModuleManager: Shutting down and abandoning module DetailCustomizations (139)
[2015.06.13-07.49.03:741][963]LogModuleManager: Shutting down and abandoning module PackagesDialog (138)
[2015.06.13-07.49.03:741][963]LogModuleManager: Shutting down and abandoning module AssetRegistry (137)
[2015.06.13-07.49.03:794][963]LogModuleManager: Shutting down and abandoning module Persona (136)
[2015.06.13-07.49.03:794][963]LogModuleManager: Shutting down and abandoning module Kismet (135)
[2015.06.13-07.49.03:794][963]LogModuleManager: Shutting down and abandoning module GraphEditor (134)
[2015.06.13-07.49.03:795][963]LogModuleManager: Shutting down and abandoning module ClassViewer (133)
[2015.06.13-07.49.03:795][963]LogModuleManager: Shutting down and abandoning module Toolbox (132)
[2015.06.13-07.49.03:795][963]LogModuleManager: Shutting down and abandoning module ModuleUI (131)
[2015.06.13-07.49.03:795][963]LogModuleManager: Shutting down and abandoning module MovieSceneTools (130)
[2015.06.13-07.49.03:795][963]LogModuleManager: Shutting down and abandoning module OutputLog (129)
[2015.06.13-07.49.03:795][963]LogModuleManager: Shutting down and abandoning module GammaUI (128)
[2015.06.13-07.49.03:795][963]LogModuleManager: Shutting down and abandoning module Documentation (127)
[2015.06.13-07.49.03:795][963]LogModuleManager: Shutting down and abandoning module GameLiveStreaming (126)
[2015.06.13-07.49.03:795][963]LogModuleManager: Shutting down and abandoning module StreamingPauseRendering (125)
[2015.06.13-07.49.03:795][963]LogModuleManager: Shutting down and abandoning module AnalyticsET (124)
[2015.06.13-07.49.03:795][963]LogModuleManager: Shutting down and abandoning module Analytics (123)
[2015.06.13-07.49.03:795][963]LogModuleManager: Shutting down and abandoning module AITestSuite (122)
[2015.06.13-07.49.03:795][963]LogModuleManager: Shutting down and abandoning module GameplayDebugger (121)
[2015.06.13-07.49.03:795][963]LogModuleManager: Shutting down and abandoning module AIModule (120)
[2015.06.13-07.49.03:795][963]LogModuleManager: Shutting down and abandoning module ProfilerService (119)
[2015.06.13-07.49.03:891][963]LogModuleManager: Shutting down and abandoning module TaskGraph (118)
[2015.06.13-07.49.03:891][963]LogModuleManager: Shutting down and abandoning module SlateRemote (117)
[2015.06.13-07.49.03:891][963]LogModuleManager: Shutting down and abandoning module ScriptEditorPlugin (116)
[2015.06.13-07.49.03:891][963]LogModuleManager: Shutting down and abandoning module WebBrowserWidget (115)
[2015.06.13-07.49.03:891][963]LogModuleManager: Shutting down and abandoning module SteamVRController (114)
[2015.06.13-07.49.03:891][963]LogModuleManager: Shutting down and abandoning module SteamVR (113)
[2015.06.13-07.49.03:891][963]LogModuleManager: Shutting down and abandoning module ProceduralMeshComponent (112)
[2015.06.13-07.49.03:891][963]LogModuleManager: Shutting down and abandoning module OculusRift (111)
[2015.06.13-07.49.03:891][963]LogModuleManager: Shutting down and abandoning module LeapMotionController (110)
[2015.06.13-07.49.03:903][963]LogModuleManager: Shutting down and abandoning module CustomMeshComponent (109)
[2015.06.13-07.49.03:903][963]LogModuleManager: Shutting down and abandoning module CableComponent (108)
[2015.06.13-07.49.03:903][963]LogModuleManager: Shutting down and abandoning module MessagingDebugger (107)
[2015.06.13-07.49.03:903][963]LogModuleManager: Shutting down and abandoning module MediaPlayerEditor (106)
[2015.06.13-07.49.03:903][963]LogModuleManager: Shutting down and abandoning module CodeView (105)
[2015.06.13-07.49.03:905][963]LogModuleManager: Shutting down and abandoning module CodeEditor (104)
[2015.06.13-07.49.03:905][963]LogModuleManager: Shutting down and abandoning module SpeedTreeImporter (103)
[2015.06.13-07.49.03:905][963]LogModuleManager: Shutting down and abandoning module PluginBrowser (102)
[2015.06.13-07.49.03:905][963]LogModuleManager: Shutting down and abandoning module EpicSurvey (101)
[2015.06.13-07.49.03:905][963]LogModuleManager: Shutting down and abandoning module DesktopPlatform (100)
[2015.06.13-07.49.03:905][963]LogModuleManager: Shutting down and abandoning module VisualStudioSourceCodeAccess (99)
[2015.06.13-07.49.03:905][963]LogModuleManager: Shutting down and abandoning module UObjectPlugin (98)
[2015.06.13-07.49.03:905][963]LogModuleManager: Shutting down and abandoning module SubversionSourceControl (97)
[2015.06.13-07.49.03:905][963]LogModuleManager: Shutting down and abandoning module PerforceSourceControl (96)
[2015.06.13-07.49.03:905][963]LogModuleManager: Shutting down and abandoning module SourceControl (95)
[2015.06.13-07.49.03:905][963]LogModuleManager: Shutting down and abandoning module GitSourceControl (94)
[2015.06.13-07.49.03:905][963]LogModuleManager: Shutting down and abandoning module BlankPlugin (93)
[2015.06.13-07.49.03:905][963]LogModuleManager: Shutting down and abandoning module PaperTiledImporter (92)
[2015.06.13-07.49.03:905][963]LogModuleManager: Shutting down and abandoning module PaperSpriteSheetImporter (91)
[2015.06.13-07.49.03:905][963]LogModuleManager: Shutting down and abandoning module MeshPaint (90)
[2015.06.13-07.49.03:905][963]LogModuleManager: Shutting down and abandoning module SlateReflector (89)
[2015.06.13-07.49.03:905][963]LogModuleManager: Shutting down and abandoning module DirectoryWatcher (88)
[2015.06.13-07.49.03:905][963]LogModuleManager: Shutting down and abandoning module HotReload (87)
[2015.06.13-07.49.03:905][963]LogModuleManager: Shutting down and abandoning module MainFrame (86)
[2015.06.13-07.49.03:906][963]LogModuleManager: Shutting down and abandoning module LevelEditor (85)
[2015.06.13-07.49.03:906][963]LogModuleManager: Shutting down and abandoning module ContentBrowser (84)
[2015.06.13-07.49.03:907][963]LogModuleManager: Shutting down and abandoning module Paper2DEditor (83)
[2015.06.13-07.49.03:907][963]LogModuleManager: Shutting down and abandoning module WebSocket_Plugin (82)
[2015.06.13-07.49.03:907][963]LogModuleManager: Shutting down and abandoning module ScriptPlugin (81)
[2015.06.13-07.49.03:907][963]LogModuleManager: Shutting down and abandoning module UdpMessaging (80)
[2015.06.13-07.49.04:008][963]LogModuleManager: Shutting down and abandoning module Paper2D (79)
[2015.06.13-07.49.04:008][963]LogModuleManager: Shutting down and abandoning module WindowsMoviePlayer (78)
[2015.06.13-07.49.04:010][963]LogModuleManager: Shutting down and abandoning module Media (77)
[2015.06.13-07.49.04:010][963]LogModuleManager: Shutting down and abandoning module WmfMedia (76)
[2015.06.13-07.49.04:010][963]LogModuleManager: Shutting down and abandoning module OnlineBlueprintSupport (75)
[2015.06.13-07.49.04:010][963]LogModuleManager: Shutting down and abandoning module PropertyEditor (74)
[2015.06.13-07.49.04:010][963]LogModuleManager: Shutting down and abandoning module BehaviorTreeEditor (73)
[2015.06.13-07.49.04:010][963]LogModuleManager: Shutting down and abandoning module FunctionalTesting (72)
[2015.06.13-07.49.04:010][963]LogModuleManager: Shutting down and abandoning module CollisionAnalyzer (71)
[2015.06.13-07.49.04:010][963]LogModuleManager: Shutting down and abandoning module WorkspaceMenuStructure (70)
[2015.06.13-07.49.04:010][963]LogModuleManager: Shutting down and abandoning module MessageLog (69)
[2015.06.13-07.49.04:010][963]LogModuleManager: Shutting down and abandoning module Sequencer (68)
[2015.06.13-07.49.04:011][963]LogModuleManager: Shutting down and abandoning module AssetTools (67)
[2015.06.13-07.49.04:011][963]LogModuleManager: Shutting down and abandoning module UMGEditor (66)
[2015.06.13-07.49.04:011][963]LogModuleManager: Shutting down and abandoning module UMG (65)
[2015.06.13-07.49.04:011][963]LogModuleManager: Shutting down and abandoning module Slate (64)
[2015.06.13-07.49.04:011][963]LogModuleManager: Shutting down and abandoning module EditorStyle (63)
[2015.06.13-07.49.04:013][963]LogModuleManager: Shutting down and abandoning module SessionServices (62)
[2015.06.13-07.49.04:013][963]LogModuleManager: Shutting down and abandoning module SourceCodeAccess (61)
[2015.06.13-07.49.04:013][963]LogModuleManager: Shutting down and abandoning module HeadMountedDisplay (60)
[2015.06.13-07.49.04:013][963]LogModuleManager: Shutting down and abandoning module XAudio2 (59)
[2015.06.13-07.49.04:013][963]LogModuleManager: Shutting down and abandoning module Networking (57)
[2015.06.13-07.49.04:013][963]LogModuleManager: Shutting down and abandoning module Core (56)
[2015.06.13-07.49.04:013][963]LogModuleManager: Shutting down and abandoning module KismetCompiler (55)
[2015.06.13-07.49.04:013][963]LogModuleManager: Shutting down and abandoning module PhysXFormats (54)
[2015.06.13-07.49.04:013][963]LogModuleManager: Shutting down and abandoning module MeshUtilities (53)
[2015.06.13-07.49.04:013][963]LogModuleManager: Shutting down and abandoning module DerivedDataCache (52)
[2015.06.13-07.49.04:309][963]LogDerivedDataCache: Shutdown
[2015.06.13-07.49.04:309][963]LogModuleManager: Shutting down and abandoning module ShaderFormatOpenGL (51)
[2015.06.13-07.49.04:309][963]LogModuleManager: Shutting down and abandoning module ShaderFormatD3D (50)
[2015.06.13-07.49.04:309][963]LogModuleManager: Shutting down and abandoning module MetalShaderFormat (49)
[2015.06.13-07.49.04:309][963]LogModuleManager: Shutting down and abandoning module TextureFormatUncompressed (48)
[2015.06.13-07.49.04:309][963]LogModuleManager: Shutting down and abandoning module TextureFormatPVR (47)
[2015.06.13-07.49.04:309][963]LogModuleManager: Shutting down and abandoning module TextureFormatIntelISPCTexComp (46)
[2015.06.13-07.49.04:309][963]LogModuleManager: Shutting down and abandoning module TextureFormatDXT (45)
[2015.06.13-07.49.04:309][963]LogModuleManager: Shutting down and abandoning module ImageWrapper (44)
[2015.06.13-07.49.04:310][963]LogModuleManager: Shutting down and abandoning module TextureFormatASTC (43)
[2015.06.13-07.49.04:310][963]LogModuleManager: Shutting down and abandoning module TextureFormatAndroid (42)
[2015.06.13-07.49.04:310][963]LogModuleManager: Shutting down and abandoning module AudioFormatOpus (41)
[2015.06.13-07.49.04:310][963]LogModuleManager: Shutting down and abandoning module AudioFormatOgg (40)
[2015.06.13-07.49.04:310][963]LogModuleManager: Shutting down and abandoning module AudioFormatADPCM (39)
[2015.06.13-07.49.04:310][963]LogModuleManager: Shutting down and abandoning module LinuxTargetPlatform (38)
[2015.06.13-07.49.04:310][963]LogModuleManager: Shutting down and abandoning module LinuxServerTargetPlatform (37)
[2015.06.13-07.49.04:310][963]LogModuleManager: Shutting down and abandoning module LinuxNoEditorTargetPlatform (36)
[2015.06.13-07.49.04:310][963]LogModuleManager: Shutting down and abandoning module Messaging (35)
[2015.06.13-07.49.04:310][963]LogModuleManager: Shutting down and abandoning module IOSTargetPlatform (34)
[2015.06.13-07.49.04:310][963]LogModuleManager: Shutting down and abandoning module HTML5TargetPlatform (33)
[2015.06.13-07.49.04:310][963]LogModuleManager: Shutting down and abandoning module Android_PVRTCTargetPlatform (32)
[2015.06.13-07.49.04:310][963]LogModuleManager: Shutting down and abandoning module Android_ETC2TargetPlatform (31)
[2015.06.13-07.49.04:310][963]LogModuleManager: Shutting down and abandoning module Android_ETC1TargetPlatform (30)
[2015.06.13-07.49.04:310][963]LogModuleManager: Shutting down and abandoning module Android_DXTTargetPlatform (29)
[2015.06.13-07.49.04:310][963]LogModuleManager: Shutting down and abandoning module Android_ATCTargetPlatform (28)
[2015.06.13-07.49.04:310][963]LogModuleManager: Shutting down and abandoning module Android_ASTCTargetPlatform (27)
[2015.06.13-07.49.04:310][963]LogModuleManager: Shutting down and abandoning module AndroidTargetPlatform (26)
[2015.06.13-07.49.04:310][963]LogModuleManager: Shutting down and abandoning module WindowsTargetPlatform (25)
[2015.06.13-07.49.04:310][963]LogModuleManager: Shutting down and abandoning module WindowsServerTargetPlatform (24)
[2015.06.13-07.49.04:310][963]LogModuleManager: Shutting down and abandoning module WindowsNoEditorTargetPlatform (23)
[2015.06.13-07.49.04:310][963]LogModuleManager: Shutting down and abandoning module WindowsClientTargetPlatform (22)
[2015.06.13-07.49.04:310][963]LogModuleManager: Shutting down and abandoning module DesktopTargetPlatform (21)
[2015.06.13-07.49.04:310][963]LogModuleManager: Shutting down and abandoning module TargetPlatform (20)
[2015.06.13-07.49.04:310][963]LogModuleManager: Shutting down and abandoning module InputCore (19)
[2015.06.13-07.49.04:310][963]LogModuleManager: Shutting down and abandoning module Settings (18)
[2015.06.13-07.49.04:310][963]LogModuleManager: Shutting down and abandoning module OnlineSubsystem (16)
[2015.06.13-07.49.04:310][963]LogModuleManager: Shutting down and abandoning module HTTP (15)
[2015.06.13-07.49.04:310][963]LogModuleManager: Shutting down and abandoning module ExampleDeviceProfileSelector (14)
[2015.06.13-07.49.04:310][963]LogModuleManager: Shutting down and abandoning module TextureCompressor (13)
[2015.06.13-07.49.04:310][963]LogModuleManager: Shutting down and abandoning module ShaderCore (12)
[2015.06.13-07.49.04:310][963]LogModuleManager: Shutting down and abandoning module Landscape (11)
[2015.06.13-07.49.04:310][963]LogModuleManager: Shutting down and abandoning module SlateRHIRenderer (10)
[2015.06.13-07.49.04:313][963]LogModuleManager: Shutting down and abandoning module OpenGLDrv (9)
[2015.06.13-07.49.04:313][963]LogModuleManager: Shutting down and abandoning module D3D11RHI (8)
[2015.06.13-07.49.04:313][963]LogModuleManager: Shutting down and abandoning module Renderer (7)
[2015.06.13-07.49.04:313][963]LogModuleManager: Shutting down and abandoning module Engine (6)
[2015.06.13-07.49.04:313][963]LogModuleManager: Shutting down and abandoning module CoreUObject (5)
[2015.06.13-07.49.04:313][963]LogModuleManager: Shutting down and abandoning module NetworkFile (4)
[2015.06.13-07.49.04:313][963]LogModuleManager: Shutting down and abandoning module StreamingFile (3)
[2015.06.13-07.49.04:313][963]LogModuleManager: Shutting down and abandoning module SandboxFile (2)
[2015.06.13-07.49.04:313][963]LogModuleManager: Shutting down and abandoning module PakFile (1)
[2015.06.13-07.49.04:314][963]LogExit: Exiting.
[2015.06.13-07.49.04:325][963]Log file closed, 06/13/15 09:49:04
